00:19:32 **** Incremental Build of configuration Debug for project GoodsTrackerControl ****
make all 
Building file: ../Sources/protocol.c
Invoking: Cross ARM GNU C Compiler
arm-none-eabi-gcc -mcpu=cortex-m0plus -mthumb -O0 -fmessage-length=0 -fsigned-char -ffunction-sections -fdata-sections  -g3 -I"D:/workspace/GoodsTracker/platform/GoodsTrackerControl/Static_Code/PDD" -I"D:/workspace/GoodsTracker/platform/GoodsTrackerControl/Static_Code/IO_Map" -I"D:/workspace/GoodsTracker/platform/GoodsTrackerControl/Sources" -I"D:/workspace/GoodsTracker/platform/GoodsTrackerControl/Generated_Code" -I"D:/workspace/GoodsTracker/platform/GoodsTrackerControl/Sources/TSS" -MMD -MP -MF"Sources/protocol.d" -MT"Sources/protocol.o" -c -o "Sources/protocol.o" "../Sources/protocol.c"
../Sources/protocol.c:15:1: warning: initializer-string for array of chars is too long [enabled by default]
 Cmd   ListCmd[] = { {.id_cmd=CMD_LED,  .resource = "LED\0", .cb=NULL},
 ^
../Sources/protocol.c:15:1: warning: (near initialization for 'ListCmd[0].resource') [enabled by default]
../Sources/protocol.c:17:8: warning: initializer-string for array of chars is too long [enabled by default]
        {.id_cmd=CMD_PWM,  .resource = "PWM\0", .cb=NULL},
        ^
../Sources/protocol.c:17:8: warning: (near initialization for 'ListCmd[2].resource') [enabled by default]
../Sources/protocol.c:18:8: warning: initializer-string for array of chars is too long [enabled by default]
        {.id_cmd=CMD_ACC,  .resource = "ACC\0", .cb=NULL},
        ^
../Sources/protocol.c:18:8: warning: (near initialization for 'ListCmd[3].resource') [enabled by default]
../Sources/protocol.c:19:8: warning: initializer-string for array of chars is too long [enabled by default]
        {.id_cmd=CMD_TOUCH,  .resource = "TOU\0", .cb=NULL},
        ^
../Sources/protocol.c:19:8: warning: (near initialization for 'ListCmd[4].resource') [enabled by default]
../Sources/protocol.c:20:8: warning: initializer-string for array of chars is too long [enabled by default]
        {.id_cmd=CMD_TELEMETRIA,.resource = "TLM\0", .cb=NULL},
        ^
../Sources/protocol.c:20:8: warning: (near initialization for 'ListCmd[5].resource') [enabled by default]
../Sources/protocol.c:21:8: warning: initializer-string for array of chars is too long [enabled by default]
        {.id_cmd=CMD_LOCK,  .resource = "LCK\0", .cb=NULL},
        ^
../Sources/protocol.c:21:8: warning: (near initialization for 'ListCmd[6].resource') [enabled by default]
../Sources/protocol.c: In function 'decoderFrame2':
../Sources/protocol.c:173:15: warning: incompatible implicit declaration of built-in function 'strncpy' [enabled by default]
       case 2: strncpy(dataFrame.operacao, list.itens[2],2);     break;
               ^
../Sources/protocol.c: In function 'setPayLoad':
../Sources/protocol.c:396:28: warning: incompatible implicit declaration of built-in function 'strlen' [enabled by default]
  frame->sizePayLoad = (int)strlen(str);
                            ^
../Sources/protocol.c:398:2: warning: incompatible implicit declaration of built-in function 'strncpy' [enabled by default]
  strncpy(frame->payload,str,frame->sizePayLoad);
  ^
Finished building: ../Sources/protocol.c
 
Building target: GoodsTrackerControl.elf
Invoking: Cross ARM GNU C++ Linker
arm-none-eabi-g++ -mcpu=cortex-m0plus -mthumb -O0 -fmessage-length=0 -fsigned-char -ffunction-sections -fdata-sections  -g3 -T "D:/workspace/GoodsTracker/platform/GoodsTrackerControl/Project_Settings/Linker_Files/ProcessorExpert.ld" -Xlinker --gc-sections -L"D:/workspace/GoodsTracker/platform/GoodsTrackerControl/Project_Settings/Linker_Files" -L"D:\workspace\GoodsTracker\platform\GoodsTrackerControl\Sources\TSS" -Wl,-Map,"GoodsTrackerControl.map" -specs=nano.specs -specs=nosys.specs -o "GoodsTrackerControl.elf"  ./Sources/TSS/TSS_Freemaster.o ./Sources/TSS/TSS_Sensor.o ./Sources/TSS/TSS_SensorGPIO.o ./Sources/TSS/TSS_SensorTSI.o ./Sources/TSS/TSS_SensorTSIL.o ./Sources/TSS/TSS_SystemSetupData.o  ./Sources/Events.o ./Sources/RingBuffer.o ./Sources/application.o ./Sources/frtos_tasks.o ./Sources/ihm.o ./Sources/lcd.o ./Sources/main.o ./Sources/protocol.o ./Sources/utils.o  ./Project_Settings/Startup_Code/startup.o  ./Generated_Code/ASerialLdd1.o ./Generated_Code/AdcLdd1.o ./Generated_Code/BitIoLdd1.o ./Generated_Code/BitIoLdd10.o ./Generated_Code/BitIoLdd11.o ./Generated_Code/BitIoLdd12.o ./Generated_Code/BitIoLdd13.o ./Generated_Code/BitIoLdd14.o ./Generated_Code/BitIoLdd15.o ./Generated_Code/BitIoLdd2.o ./Generated_Code/BitIoLdd7.o ./Generated_Code/BitIoLdd8.o ./Generated_Code/BitIoLdd9.o ./Generated_Code/CS1.o ./Generated_Code/Cpu.o ./Generated_Code/DB41.o ./Generated_Code/DB51.o ./Generated_Code/DB61.o ./Generated_Code/DB71.o ./Generated_Code/EN1.o ./Generated_Code/GI2C1.o ./Generated_Code/GT_AD1.o ./Generated_Code/GT_AsyncSerial.o ./Generated_Code/GT_FRTOS.o ./Generated_Code/GT_TI1.o ./Generated_Code/GT_TSK.o ./Generated_Code/I2C1.o ./Generated_Code/LCDout.o ./Generated_Code/LED_B.o ./Generated_Code/LED_G.o ./Generated_Code/LED_R.o ./Generated_Code/LEDpin1.o ./Generated_Code/LEDpin2.o ./Generated_Code/LEDpin3.o ./Generated_Code/MCUC1.o ./Generated_Code/MMA1.o ./Generated_Code/PE_LDD.o ./Generated_Code/RS1.o ./Generated_Code/SCL1.o ./Generated_Code/SDA1.o ./Generated_Code/TSSin.o ./Generated_Code/TU1.o ./Generated_Code/TimerIntLdd1.o ./Generated_Code/UTIL1.o ./Generated_Code/Vectors.o ./Generated_Code/WAIT1.o ./Generated_Code/croutine.o ./Generated_Code/event_groups.o ./Generated_Code/heap_1.o ./Generated_Code/heap_2.o ./Generated_Code/heap_3.o ./Generated_Code/heap_4.o ./Generated_Code/heap_5.o ./Generated_Code/list.o ./Generated_Code/mpu_wrappers.o ./Generated_Code/port.o ./Generated_Code/queue.o ./Generated_Code/tasks.o ./Generated_Code/timers.o  ./.metadata/.plugins/org.eclipse.cdt.make.core/specs.o   -lTSS_KXX_M0
Finished building target: GoodsTrackerControl.elf
 
00:19:46 **** Incremental Build of configuration Debug for project GoodsTrackerControl ****
make all 
make: Nothing to be done for 'all'.
