(22:11:52.284) INFO: [TadState] TAD state init (NONE)
(22:12:30.307) INFO: [TadModel] DSF session ID 0 has started
(22:13:19.564) INFO: [TadState] TAD state changed from DEBUG_STARTED to DEBUG_INIT_0 (Suspended, USER_REQUEST)
(22:13:21.034) INFO: [TadState] TAD state changed from DEBUG_INIT_0 to DEBUG_INIT_1 (Resumed, USER_REQUEST)
(22:13:21.055) INFO: [TadState] TAD state changed from DEBUG_INIT_1 to DEBUG_SUSPENDED (Suspended, BREAKPOINT)
(22:13:55.724) INFO: [TadState] TAD state changed from DEBUG_SUSPENDED to DEBUG_RESUMED (Resumed, USER_REQUEST)
(22:14:21.664) INFO: [TadState] TAD state changed from DEBUG_RESUMED to READY (Suspended, SIGNAL)
(22:14:22.174) ReadingException: com.freescale.mqx.gdb.tad.model.globalstatus.TadGlobalStatusFactory.isMqxDataValid() at 60.line "readLongVariableSafely(_mqx_kernel_data)"
(22:14:22.175) ERROR: [TadGlobalStatusFactory] Kernel Data NOT valid (pointer: 0x0000)
(22:14:22.175) ERROR: [TadGlobalStatusFactory] MQX data not valid!
(22:14:22.175) INFO: [TadModel$3] Loading of TAD Global Status took 504 ms
(22:14:22.175) INFO: [TadGlobalStatusController] TAD global status data is ready!
(22:14:29.732) INFO: [TadModel] DSF session ID 0 has ended
(22:14:33.114) INFO: [TadModel] DSF session ID 1 has started
(22:14:42.584) INFO: [TadState] TAD state changed from DEBUG_STARTED to DEBUG_INIT_0 (Suspended, USER_REQUEST)
(22:14:45.033) INFO: [TadState] TAD state changed from DEBUG_INIT_0 to DEBUG_INIT_1 (Resumed, USER_REQUEST)
(22:14:45.055) INFO: [TadState] TAD state changed from DEBUG_INIT_1 to DEBUG_SUSPENDED (Suspended, BREAKPOINT)
(22:15:08.369) INFO: [TadModel] DSF session ID 1 has ended
(22:15:10.005) INFO: [TadModel] DSF session ID 2 has started
(22:15:20.262) INFO: [TadState] TAD state changed from DEBUG_STARTED to DEBUG_INIT_0 (Suspended, USER_REQUEST)
(22:15:23.000) INFO: [TadState] TAD state changed from DEBUG_INIT_0 to DEBUG_INIT_1 (Resumed, USER_REQUEST)
(22:15:23.021) INFO: [TadState] TAD state changed from DEBUG_INIT_1 to DEBUG_SUSPENDED (Suspended, BREAKPOINT)
(22:15:25.613) INFO: [TadState] TAD state changed from DEBUG_SUSPENDED to DEBUG_RESUMED (Resumed, USER_REQUEST)
(22:15:29.620) INFO: [TadState] TAD state changed from DEBUG_RESUMED to READY (Suspended, SIGNAL)
(22:15:30.126) ReadingException: com.freescale.mqx.gdb.tad.model.globalstatus.TadGlobalStatusFactory.isMqxDataValid() at 60.line "readLongVariableSafely(_mqx_kernel_data)"
(22:15:30.126) ERROR: [TadGlobalStatusFactory] Kernel Data NOT valid (pointer: 0x0000)
(22:15:30.126) ERROR: [TadGlobalStatusFactory] MQX data not valid!
(22:15:30.126) INFO: [TadModel$3] Loading of TAD Global Status took 502 ms
(22:15:30.126) INFO: [TadGlobalStatusController] TAD global status data is ready!
(22:16:13.601) INFO: [TadState] TAD state changed from READY to DEBUG_RESUMED (Resumed, USER_REQUEST)
(22:16:18.940) INFO: [TadState] TAD state changed from DEBUG_RESUMED to READY (Suspended, SIGNAL)
(22:16:19.446) ReadingException: com.freescale.mqx.gdb.tad.model.globalstatus.TadGlobalStatusFactory.isMqxDataValid() at 60.line "readLongVariableSafely(_mqx_kernel_data)"
(22:16:19.446) ERROR: [TadGlobalStatusFactory] Kernel Data NOT valid (pointer: 0x0000)
(22:16:19.446) ERROR: [TadGlobalStatusFactory] MQX data not valid!
(22:16:19.446) INFO: [TadModel$3] Loading of TAD Global Status took 503 ms
(22:16:19.446) INFO: [TadGlobalStatusController] TAD global status data is ready!
(22:17:37.053) INFO: [TadModel] DSF session ID 3 has started
(22:17:46.724) INFO: [TadModel] DSF session ID 3 has ended
(22:17:53.035) INFO: [TadModel] DSF session ID 2 has ended
(22:17:57.599) INFO: [TadModel] DSF session ID 4 has started
(22:18:08.782) INFO: [TadState] TAD state changed from DEBUG_STARTED to DEBUG_INIT_0 (Suspended, USER_REQUEST)
(22:18:10.347) INFO: [TadState] TAD state changed from DEBUG_INIT_0 to DEBUG_INIT_1 (Resumed, USER_REQUEST)
(22:18:10.371) INFO: [TadState] TAD state changed from DEBUG_INIT_1 to DEBUG_SUSPENDED (Suspended, BREAKPOINT)
(22:18:20.124) INFO: [TadState] TAD state changed from DEBUG_SUSPENDED to DEBUG_RESUMED (Resumed, USER_REQUEST)
(22:18:20.283) INFO: [TadState] TAD state changed from DEBUG_RESUMED to READY (Suspended, BREAKPOINT)
(22:18:20.786) ReadingException: com.freescale.mqx.gdb.tad.model.globalstatus.TadGlobalStatusFactory.isMqxDataValid() at 60.line "readLongVariableSafely(_mqx_kernel_data)"
(22:18:20.786) ERROR: [TadGlobalStatusFactory] Kernel Data NOT valid (pointer: 0x0000)
(22:18:20.786) ERROR: [TadGlobalStatusFactory] MQX data not valid!
(22:18:20.786) INFO: [TadModel$3] Loading of TAD Global Status took 501 ms
(22:18:20.786) INFO: [TadGlobalStatusController] TAD global status data is ready!
(22:18:56.237) INFO: [TadState] TAD state changed from READY to DEBUG_RESUMED (Resumed, USER_REQUEST)
(22:19:15.415) INFO: [TadState] TAD state changed from DEBUG_RESUMED to READY (Suspended, BREAKPOINT)
(22:19:15.919) ReadingException: com.freescale.mqx.gdb.tad.model.globalstatus.TadGlobalStatusFactory.isMqxDataValid() at 60.line "readLongVariableSafely(_mqx_kernel_data)"
(22:19:15.919) ERROR: [TadGlobalStatusFactory] Kernel Data NOT valid (pointer: 0x0000)
(22:19:15.919) ERROR: [TadGlobalStatusFactory] MQX data not valid!
(22:19:15.919) INFO: [TadModel$3] Loading of TAD Global Status took 500 ms
(22:19:15.919) INFO: [TadGlobalStatusController] TAD global status data is ready!
(22:19:25.662) INFO: [TadState] TAD state changed from READY to DEBUG_RESUMED (Resumed, USER_REQUEST)
(22:19:36.782) INFO: [TadState] TAD state changed from DEBUG_RESUMED to READY (Suspended, BREAKPOINT)
(22:19:37.287) ReadingException: com.freescale.mqx.gdb.tad.model.globalstatus.TadGlobalStatusFactory.isMqxDataValid() at 60.line "readLongVariableSafely(_mqx_kernel_data)"
(22:19:37.287) ERROR: [TadGlobalStatusFactory] Kernel Data NOT valid (pointer: 0x0000)
(22:19:37.287) ERROR: [TadGlobalStatusFactory] MQX data not valid!
(22:19:37.287) INFO: [TadModel$3] Loading of TAD Global Status took 501 ms
(22:19:37.287) INFO: [TadGlobalStatusController] TAD global status data is ready!
(22:19:38.658) INFO: [TadState] TAD state changed from READY to DEBUG_RESUMED (Resumed, STEP)
(22:19:38.781) INFO: [TadState] TAD state changed from DEBUG_RESUMED to READY (Suspended, BREAKPOINT)
(22:19:39.285) ReadingException: com.freescale.mqx.gdb.tad.model.globalstatus.TadGlobalStatusFactory.isMqxDataValid() at 60.line "readLongVariableSafely(_mqx_kernel_data)"
(22:19:39.285) ERROR: [TadGlobalStatusFactory] Kernel Data NOT valid (pointer: 0x0000)
(22:19:39.285) ERROR: [TadGlobalStatusFactory] MQX data not valid!
(22:19:39.285) INFO: [TadModel$3] Loading of TAD Global Status took 501 ms
(22:19:39.285) INFO: [TadGlobalStatusController] TAD global status data is ready!
(22:19:40.262) INFO: [TadState] TAD state changed from READY to DEBUG_RESUMED (Resumed, STEP)
(22:19:40.389) INFO: [TadState] TAD state changed from DEBUG_RESUMED to READY (Suspended, BREAKPOINT)
(22:19:40.894) ReadingException: com.freescale.mqx.gdb.tad.model.globalstatus.TadGlobalStatusFactory.isMqxDataValid() at 60.line "readLongVariableSafely(_mqx_kernel_data)"
(22:19:40.894) ERROR: [TadGlobalStatusFactory] Kernel Data NOT valid (pointer: 0x0000)
(22:19:40.894) ERROR: [TadGlobalStatusFactory] MQX data not valid!
(22:19:40.894) INFO: [TadModel$3] Loading of TAD Global Status took 501 ms
(22:19:40.894) INFO: [TadGlobalStatusController] TAD global status data is ready!
(22:19:40.997) INFO: [TadState] TAD state changed from READY to DEBUG_RESUMED (Resumed, STEP)
(22:19:41.116) INFO: [TadState] TAD state changed from DEBUG_RESUMED to READY (Suspended, BREAKPOINT)
(22:19:41.463) INFO: [TadState] TAD state changed from READY to DEBUG_RESUMED (Resumed, STEP)
(22:19:41.588) INFO: [TadState] TAD state changed from DEBUG_RESUMED to READY (Suspended, BREAKPOINT)
(22:19:41.621) ReadingException: com.freescale.mqx.gdb.tad.model.globalstatus.TadGlobalStatusFactory.isMqxDataValid() at 60.line "readLongVariableSafely(_mqx_kernel_data)"
(22:19:41.621) ERROR: [TadGlobalStatusFactory] Kernel Data NOT valid (pointer: 0x0000)
(22:19:41.621) ERROR: [TadGlobalStatusFactory] MQX data not valid!
(22:19:41.621) INFO: [TadModel$3] Loading of TAD Global Status took 502 ms
(22:19:41.945) INFO: [TadState] TAD state changed from READY to DEBUG_RESUMED (Resumed, STEP)
(22:19:42.068) INFO: [TadState] TAD state changed from DEBUG_RESUMED to READY (Suspended, BREAKPOINT)
(22:19:42.123) ReadingException: com.freescale.mqx.gdb.tad.model.globalstatus.TadGlobalStatusFactory.isMqxDataValid() at 60.line "readLongVariableSafely(_mqx_kernel_data)"
(22:19:42.123) ERROR: [TadGlobalStatusFactory] Kernel Data NOT valid (pointer: 0x0000)
(22:19:42.123) ERROR: [TadGlobalStatusFactory] MQX data not valid!
(22:19:42.123) INFO: [TadModel$3] Loading of TAD Global Status took 502 ms
(22:19:42.535) INFO: [TadState] TAD state changed from READY to DEBUG_RESUMED (Resumed, STEP)
(22:19:42.624) ReadingException: com.freescale.mqx.gdb.tad.model.globalstatus.TadGlobalStatusFactory.isMqxDataValid() at 60.line "readLongVariableSafely(_mqx_kernel_data)"
(22:19:42.624) ERROR: [TadGlobalStatusFactory] Kernel Data NOT valid (pointer: 0x0000)
(22:19:42.624) ERROR: [TadGlobalStatusFactory] MQX data not valid!
(22:19:42.624) INFO: [TadModel$3] Loading of TAD Global Status took 501 ms
(22:19:42.656) INFO: [TadState] TAD state changed from DEBUG_RESUMED to READY (Suspended, BREAKPOINT)
(22:19:43.161) ReadingException: com.freescale.mqx.gdb.tad.model.globalstatus.TadGlobalStatusFactory.isMqxDataValid() at 60.line "readLongVariableSafely(_mqx_kernel_data)"
(22:19:43.161) ERROR: [TadGlobalStatusFactory] Kernel Data NOT valid (pointer: 0x0000)
(22:19:43.161) ERROR: [TadGlobalStatusFactory] MQX data not valid!
(22:19:43.161) INFO: [TadModel$3] Loading of TAD Global Status took 502 ms
(22:19:43.161) INFO: [TadGlobalStatusController] TAD global status data is ready!
(22:19:43.267) INFO: [TadState] TAD state changed from READY to DEBUG_RESUMED (Resumed, STEP)
(22:19:43.387) INFO: [TadState] TAD state changed from DEBUG_RESUMED to READY (Suspended, BREAKPOINT)
(22:19:43.894) ReadingException: com.freescale.mqx.gdb.tad.model.globalstatus.TadGlobalStatusFactory.isMqxDataValid() at 60.line "readLongVariableSafely(_mqx_kernel_data)"
(22:19:43.894) ERROR: [TadGlobalStatusFactory] Kernel Data NOT valid (pointer: 0x0000)
(22:19:43.894) ERROR: [TadGlobalStatusFactory] MQX data not valid!
(22:19:43.894) INFO: [TadModel$3] Loading of TAD Global Status took 501 ms
(22:19:43.894) INFO: [TadGlobalStatusController] TAD global status data is ready!
