(14:42:59.707) INFO: [TadState] TAD state init (NONE)
(14:43:12.878) INFO: [TadModel] DSF session ID 0 has started
(14:43:30.268) INFO: [TadState] TAD state changed from DEBUG_STARTED to DEBUG_INIT_0 (Suspended, USER_REQUEST)
(14:43:33.126) INFO: [TadState] TAD state changed from DEBUG_INIT_0 to DEBUG_INIT_1 (Resumed, USER_REQUEST)
(14:43:33.148) INFO: [TadState] TAD state changed from DEBUG_INIT_1 to DEBUG_SUSPENDED (Suspended, BREAKPOINT)
(14:43:35.501) INFO: [TadState] TAD state changed from DEBUG_SUSPENDED to DEBUG_RESUMED (Resumed, USER_REQUEST)
(14:46:19.292) INFO: [TadState] TAD state changed from DEBUG_RESUMED to READY (Suspended, SIGNAL)
(14:46:19.811) ReadingException: com.freescale.mqx.gdb.tad.model.globalstatus.TadGlobalStatusFactory.isMqxDataValid() at 60.line "readLongVariableSafely(_mqx_kernel_data)"
(14:46:19.812) ERROR: [TadGlobalStatusFactory] Kernel Data NOT valid (pointer: 0x0000)
(14:46:19.812) ERROR: [TadGlobalStatusFactory] MQX data not valid!
(14:46:19.812) INFO: [TadModel$3] Loading of TAD Global Status took 505 ms
(14:46:19.812) INFO: [TadGlobalStatusController] TAD global status data is ready!
(14:46:26.861) INFO: [TadModel] DSF session ID 0 has ended
(14:46:32.527) INFO: [TadModel] DSF session ID 1 has started
(14:46:45.675) INFO: [TadState] TAD state changed from DEBUG_STARTED to DEBUG_INIT_0 (Suspended, USER_REQUEST)
(14:46:48.471) INFO: [TadState] TAD state changed from DEBUG_INIT_0 to DEBUG_INIT_1 (Resumed, USER_REQUEST)
(14:46:48.493) INFO: [TadState] TAD state changed from DEBUG_INIT_1 to DEBUG_SUSPENDED (Suspended, BREAKPOINT)
(14:47:00.183) INFO: [TadState] TAD state changed from DEBUG_SUSPENDED to DEBUG_RESUMED (Resumed, USER_REQUEST)
(14:48:15.865) INFO: [TadState] TAD state changed from DEBUG_RESUMED to READY (Suspended, SIGNAL)
(14:48:16.372) ReadingException: com.freescale.mqx.gdb.tad.model.globalstatus.TadGlobalStatusFactory.isMqxDataValid() at 60.line "readLongVariableSafely(_mqx_kernel_data)"
(14:48:16.372) ERROR: [TadGlobalStatusFactory] Kernel Data NOT valid (pointer: 0x0000)
(14:48:16.372) ERROR: [TadGlobalStatusFactory] MQX data not valid!
(14:48:16.372) INFO: [TadModel$3] Loading of TAD Global Status took 503 ms
(14:48:16.372) INFO: [TadGlobalStatusController] TAD global status data is ready!
(14:48:18.030) INFO: [TadModel] DSF session ID 1 has ended
(14:53:18.216) INFO: [TadModel] DSF session ID 2 has started
(14:53:28.438) INFO: [TadState] TAD state changed from DEBUG_STARTED to DEBUG_INIT_0 (Suspended, USER_REQUEST)
(14:53:30.952) INFO: [TadState] TAD state changed from DEBUG_INIT_0 to DEBUG_INIT_1 (Resumed, USER_REQUEST)
(14:53:30.973) INFO: [TadState] TAD state changed from DEBUG_INIT_1 to DEBUG_SUSPENDED (Suspended, BREAKPOINT)
(14:53:33.278) INFO: [TadState] TAD state changed from DEBUG_SUSPENDED to DEBUG_RESUMED (Resumed, USER_REQUEST)
(16:18:17.603) INFO: [TadState] TAD state changed from DEBUG_RESUMED to READY (Suspended, SIGNAL)
(16:18:18.111) ReadingException: com.freescale.mqx.gdb.tad.model.globalstatus.TadGlobalStatusFactory.isMqxDataValid() at 60.line "readLongVariableSafely(_mqx_kernel_data)"
(16:18:18.113) ERROR: [TadGlobalStatusFactory] Kernel Data NOT valid (pointer: 0x0000)
(16:18:18.113) ERROR: [TadGlobalStatusFactory] MQX data not valid!
(16:18:18.113) INFO: [TadModel$3] Loading of TAD Global Status took 504 ms
(16:18:18.113) INFO: [TadGlobalStatusController] TAD global status data is ready!
