(22:10:19.052) INFO: [TadState] TAD state init (NONE)
(22:14:48.141) INFO: [TadModel] DSF session ID 0 has started
(22:15:32.449) INFO: [TadState] TAD state changed from DEBUG_STARTED to DEBUG_INIT_0 (Suspended, USER_REQUEST)
(22:15:35.352) INFO: [TadState] TAD state changed from DEBUG_INIT_0 to DEBUG_INIT_1 (Resumed, USER_REQUEST)
(22:15:35.380) INFO: [TadState] TAD state changed from DEBUG_INIT_1 to DEBUG_SUSPENDED (Suspended, BREAKPOINT)
(22:15:41.020) INFO: [TadState] TAD state changed from DEBUG_SUSPENDED to DEBUG_RESUMED (Resumed, USER_REQUEST)
(22:15:47.756) INFO: [TadState] TAD state changed from DEBUG_RESUMED to READY (Suspended, BREAKPOINT)
(22:15:48.266) ReadingException: com.freescale.mqx.gdb.tad.model.globalstatus.TadGlobalStatusFactory.isMqxDataValid() at 60.line "readLongVariableSafely(_mqx_kernel_data)"
(22:15:48.266) ERROR: [TadGlobalStatusFactory] Kernel Data NOT valid (pointer: 0x0000)
(22:15:48.266) ERROR: [TadGlobalStatusFactory] MQX data not valid!
(22:15:48.267) INFO: [TadModel$3] Loading of TAD Global Status took 505 ms
(22:15:48.267) INFO: [TadGlobalStatusController] TAD global status data is ready!
(22:15:52.731) INFO: [TadState] TAD state changed from READY to DEBUG_RESUMED (Resumed, USER_REQUEST)
(00:01:42.041) INFO: [TadModel] DSF session ID 1 has started
(00:01:51.801) INFO: [TadModel] DSF session ID 1 has ended
(00:02:02.219) INFO: [TadState] TAD state changed from NONE to DEBUG_INIT_0 (Suspended, SIGNAL)
(00:02:04.638) INFO: [TadModel] DSF session ID 0 has ended
(00:02:09.017) INFO: [TadModel] DSF session ID 2 has started
(00:02:16.746) INFO: [TadState] TAD state changed from DEBUG_STARTED to DEBUG_INIT_0 (Suspended, USER_REQUEST)
(00:02:21.041) INFO: [TadState] TAD state changed from DEBUG_INIT_0 to DEBUG_INIT_1 (Resumed, USER_REQUEST)
(00:02:21.062) INFO: [TadState] TAD state changed from DEBUG_INIT_1 to DEBUG_SUSPENDED (Suspended, BREAKPOINT)
(00:02:22.657) INFO: [TadState] TAD state changed from DEBUG_SUSPENDED to DEBUG_RESUMED (Resumed, USER_REQUEST)
(00:04:12.209) INFO: [TadState] TAD state changed from DEBUG_RESUMED to READY (Suspended, SIGNAL)
(00:04:12.716) ReadingException: com.freescale.mqx.gdb.tad.model.globalstatus.TadGlobalStatusFactory.isMqxDataValid() at 60.line "readLongVariableSafely(_mqx_kernel_data)"
(00:04:12.716) ERROR: [TadGlobalStatusFactory] Kernel Data NOT valid (pointer: 0x0000)
(00:04:12.716) ERROR: [TadGlobalStatusFactory] MQX data not valid!
(00:04:12.716) INFO: [TadModel$3] Loading of TAD Global Status took 503 ms
(00:04:12.716) INFO: [TadGlobalStatusController] TAD global status data is ready!
(00:04:14.399) INFO: [TadModel] DSF session ID 2 has ended
(00:04:17.440) INFO: [TadModel] DSF session ID 3 has started
(00:04:33.298) INFO: [TadState] TAD state changed from DEBUG_STARTED to DEBUG_INIT_0 (Suspended, USER_REQUEST)
(00:04:34.656) INFO: [TadState] TAD state changed from DEBUG_INIT_0 to DEBUG_INIT_1 (Resumed, USER_REQUEST)
(00:04:34.679) INFO: [TadState] TAD state changed from DEBUG_INIT_1 to DEBUG_SUSPENDED (Suspended, BREAKPOINT)
(00:04:41.599) INFO: [TadState] TAD state changed from DEBUG_SUSPENDED to DEBUG_RESUMED (Resumed, USER_REQUEST)
(00:04:41.918) INFO: [TadState] TAD state changed from DEBUG_RESUMED to READY (Suspended, BREAKPOINT)
(00:04:42.423) ReadingException: com.freescale.mqx.gdb.tad.model.globalstatus.TadGlobalStatusFactory.isMqxDataValid() at 60.line "readLongVariableSafely(_mqx_kernel_data)"
(00:04:42.423) ERROR: [TadGlobalStatusFactory] Kernel Data NOT valid (pointer: 0x0000)
(00:04:42.423) ERROR: [TadGlobalStatusFactory] MQX data not valid!
(00:04:42.423) INFO: [TadModel$3] Loading of TAD Global Status took 502 ms
(00:04:42.423) INFO: [TadGlobalStatusController] TAD global status data is ready!
(00:04:44.888) INFO: [TadState] TAD state changed from READY to DEBUG_RESUMED (Resumed, STEP)
(00:04:45.095) INFO: [TadState] TAD state changed from DEBUG_RESUMED to READY (Suspended, STEP)
(00:04:45.600) ReadingException: com.freescale.mqx.gdb.tad.model.globalstatus.TadGlobalStatusFactory.isMqxDataValid() at 60.line "readLongVariableSafely(_mqx_kernel_data)"
(00:04:45.600) ERROR: [TadGlobalStatusFactory] Kernel Data NOT valid (pointer: 0x0000)
(00:04:45.600) ERROR: [TadGlobalStatusFactory] MQX data not valid!
(00:04:45.600) INFO: [TadModel$3] Loading of TAD Global Status took 502 ms
(00:04:45.600) INFO: [TadGlobalStatusController] TAD global status data is ready!
(00:04:47.493) INFO: [TadState] TAD state changed from READY to DEBUG_RESUMED (Resumed, STEP)
(00:04:48.098) INFO: [TadState] TAD state changed from DEBUG_RESUMED to READY (Suspended, STEP)
(00:04:48.603) ReadingException: com.freescale.mqx.gdb.tad.model.globalstatus.TadGlobalStatusFactory.isMqxDataValid() at 60.line "readLongVariableSafely(_mqx_kernel_data)"
(00:04:48.603) ERROR: [TadGlobalStatusFactory] Kernel Data NOT valid (pointer: 0x0000)
(00:04:48.603) ERROR: [TadGlobalStatusFactory] MQX data not valid!
(00:04:48.603) INFO: [TadModel$3] Loading of TAD Global Status took 502 ms
(00:04:48.603) INFO: [TadGlobalStatusController] TAD global status data is ready!
(00:06:31.585) INFO: [TadModel] DSF session ID 3 has ended
(00:06:33.765) INFO: [TadModel] DSF session ID 4 has started
(00:06:41.104) INFO: [TadState] TAD state changed from DEBUG_STARTED to DEBUG_INIT_0 (Suspended, USER_REQUEST)
(00:06:43.275) INFO: [TadState] TAD state changed from DEBUG_INIT_0 to DEBUG_INIT_1 (Resumed, USER_REQUEST)
(00:06:43.300) INFO: [TadState] TAD state changed from DEBUG_INIT_1 to DEBUG_SUSPENDED (Suspended, BREAKPOINT)
(00:06:45.794) INFO: [TadState] TAD state changed from DEBUG_SUSPENDED to DEBUG_RESUMED (Resumed, USER_REQUEST)
(00:06:46.115) INFO: [TadState] TAD state changed from DEBUG_RESUMED to READY (Suspended, BREAKPOINT)
(00:06:46.636) ReadingException: com.freescale.mqx.gdb.tad.model.globalstatus.TadGlobalStatusFactory.isMqxDataValid() at 60.line "readLongVariableSafely(_mqx_kernel_data)"
(00:06:46.638) ERROR: [TadGlobalStatusFactory] Kernel Data NOT valid (pointer: 0x0000)
(00:06:46.638) ERROR: [TadGlobalStatusFactory] MQX data not valid!
(00:06:46.638) INFO: [TadModel$3] Loading of TAD Global Status took 519 ms
(00:06:46.638) INFO: [TadGlobalStatusController] TAD global status data is ready!
(00:07:17.750) INFO: [TadModel] DSF session ID 4 has ended
(00:07:49.511) INFO: [TadModel] DSF session ID 5 has started
(00:07:55.960) INFO: [TadState] TAD state changed from DEBUG_STARTED to DEBUG_INIT_0 (Suspended, USER_REQUEST)
(00:07:57.825) INFO: [TadState] TAD state changed from DEBUG_INIT_0 to DEBUG_INIT_1 (Resumed, USER_REQUEST)
(00:07:57.846) INFO: [TadState] TAD state changed from DEBUG_INIT_1 to DEBUG_SUSPENDED (Suspended, BREAKPOINT)
(00:08:01.682) INFO: [TadState] TAD state changed from DEBUG_SUSPENDED to DEBUG_RESUMED (Resumed, USER_REQUEST)
(00:08:02.003) INFO: [TadState] TAD state changed from DEBUG_RESUMED to READY (Suspended, BREAKPOINT)
(00:08:02.506) ReadingException: com.freescale.mqx.gdb.tad.model.globalstatus.TadGlobalStatusFactory.isMqxDataValid() at 60.line "readLongVariableSafely(_mqx_kernel_data)"
(00:08:02.506) ERROR: [TadGlobalStatusFactory] Kernel Data NOT valid (pointer: 0x0000)
(00:08:02.506) ERROR: [TadGlobalStatusFactory] MQX data not valid!
(00:08:02.506) INFO: [TadModel$3] Loading of TAD Global Status took 501 ms
(00:08:02.506) INFO: [TadGlobalStatusController] TAD global status data is ready!
(00:08:04.162) INFO: [TadState] TAD state changed from READY to DEBUG_RESUMED (Resumed, STEP)
(00:08:04.518) INFO: [TadState] TAD state changed from DEBUG_RESUMED to READY (Suspended, BREAKPOINT)
(00:08:05.024) ReadingException: com.freescale.mqx.gdb.tad.model.globalstatus.TadGlobalStatusFactory.isMqxDataValid() at 60.line "readLongVariableSafely(_mqx_kernel_data)"
(00:08:05.024) ERROR: [TadGlobalStatusFactory] Kernel Data NOT valid (pointer: 0x0000)
(00:08:05.024) ERROR: [TadGlobalStatusFactory] MQX data not valid!
(00:08:05.024) INFO: [TadModel$3] Loading of TAD Global Status took 501 ms
(00:08:05.024) INFO: [TadGlobalStatusController] TAD global status data is ready!
(00:08:07.513) INFO: [TadState] TAD state changed from READY to DEBUG_RESUMED (Resumed, STEP)
(00:08:07.725) INFO: [TadState] TAD state changed from DEBUG_RESUMED to READY (Suspended, STEP)
(00:08:08.229) ReadingException: com.freescale.mqx.gdb.tad.model.globalstatus.TadGlobalStatusFactory.isMqxDataValid() at 60.line "readLongVariableSafely(_mqx_kernel_data)"
(00:08:08.229) ERROR: [TadGlobalStatusFactory] Kernel Data NOT valid (pointer: 0x0000)
(00:08:08.229) ERROR: [TadGlobalStatusFactory] MQX data not valid!
(00:08:08.229) INFO: [TadModel$3] Loading of TAD Global Status took 501 ms
(00:08:08.229) INFO: [TadGlobalStatusController] TAD global status data is ready!
(00:08:15.893) INFO: [TadModel] DSF session ID 5 has ended
(00:08:21.644) INFO: [TadModel] DSF session ID 6 has started
(00:08:29.485) INFO: [TadState] TAD state changed from DEBUG_STARTED to DEBUG_INIT_0 (Suspended, USER_REQUEST)
(00:08:30.843) INFO: [TadState] TAD state changed from DEBUG_INIT_0 to DEBUG_INIT_1 (Resumed, USER_REQUEST)
(00:08:30.864) INFO: [TadState] TAD state changed from DEBUG_INIT_1 to DEBUG_SUSPENDED (Suspended, BREAKPOINT)
(00:08:33.525) INFO: [TadState] TAD state changed from DEBUG_SUSPENDED to DEBUG_RESUMED (Resumed, USER_REQUEST)
(00:08:33.844) INFO: [TadState] TAD state changed from DEBUG_RESUMED to READY (Suspended, BREAKPOINT)
(00:08:34.349) ReadingException: com.freescale.mqx.gdb.tad.model.globalstatus.TadGlobalStatusFactory.isMqxDataValid() at 60.line "readLongVariableSafely(_mqx_kernel_data)"
(00:08:34.349) ERROR: [TadGlobalStatusFactory] Kernel Data NOT valid (pointer: 0x0000)
(00:08:34.349) ERROR: [TadGlobalStatusFactory] MQX data not valid!
(00:08:34.349) INFO: [TadModel$3] Loading of TAD Global Status took 502 ms
(00:08:34.349) INFO: [TadGlobalStatusController] TAD global status data is ready!
(00:08:35.522) INFO: [TadState] TAD state changed from READY to DEBUG_RESUMED (Resumed, STEP)
(00:08:35.900) INFO: [TadState] TAD state changed from DEBUG_RESUMED to READY (Suspended, STEP)
(00:08:36.403) ReadingException: com.freescale.mqx.gdb.tad.model.globalstatus.TadGlobalStatusFactory.isMqxDataValid() at 60.line "readLongVariableSafely(_mqx_kernel_data)"
(00:08:36.403) ERROR: [TadGlobalStatusFactory] Kernel Data NOT valid (pointer: 0x0000)
(00:08:36.403) ERROR: [TadGlobalStatusFactory] MQX data not valid!
(00:08:36.403) INFO: [TadModel$3] Loading of TAD Global Status took 500 ms
(00:08:36.403) INFO: [TadGlobalStatusController] TAD global status data is ready!
(00:08:38.771) INFO: [TadState] TAD state changed from READY to DEBUG_RESUMED (Resumed, STEP)
(00:08:39.030) INFO: [TadState] TAD state changed from DEBUG_RESUMED to READY (Suspended, STEP)
(00:08:39.534) ReadingException: com.freescale.mqx.gdb.tad.model.globalstatus.TadGlobalStatusFactory.isMqxDataValid() at 60.line "readLongVariableSafely(_mqx_kernel_data)"
(00:08:39.534) ERROR: [TadGlobalStatusFactory] Kernel Data NOT valid (pointer: 0x0000)
(00:08:39.534) ERROR: [TadGlobalStatusFactory] MQX data not valid!
(00:08:39.534) INFO: [TadModel$3] Loading of TAD Global Status took 501 ms
(00:08:39.534) INFO: [TadGlobalStatusController] TAD global status data is ready!
(00:08:39.544) INFO: [TadState] TAD state changed from READY to DEBUG_RESUMED (Resumed, STEP)
(00:08:39.759) INFO: [TadState] TAD state changed from DEBUG_RESUMED to READY (Suspended, STEP)
(00:08:39.801) INFO: [TadState] TAD state changed from READY to DEBUG_RESUMED (Resumed, STEP)
(00:08:39.917) INFO: [TadState] TAD state changed from DEBUG_RESUMED to READY (Suspended, STEP)
(00:08:40.055) INFO: [TadState] TAD state changed from READY to DEBUG_RESUMED (Resumed, STEP)
(00:08:40.172) INFO: [TadState] TAD state changed from DEBUG_RESUMED to READY (Suspended, STEP)
(00:08:40.263) ReadingException: com.freescale.mqx.gdb.tad.model.globalstatus.TadGlobalStatusFactory.isMqxDataValid() at 60.line "readLongVariableSafely(_mqx_kernel_data)"
(00:08:40.263) ERROR: [TadGlobalStatusFactory] Kernel Data NOT valid (pointer: 0x0000)
(00:08:40.263) ERROR: [TadGlobalStatusFactory] MQX data not valid!
(00:08:40.263) INFO: [TadModel$3] Loading of TAD Global Status took 501 ms
(00:08:40.320) INFO: [TadState] TAD state changed from READY to DEBUG_RESUMED (Resumed, STEP)
(00:08:40.483) INFO: [TadState] TAD state changed from DEBUG_RESUMED to READY (Suspended, STEP)
(00:08:40.733) INFO: [TadState] TAD state changed from READY to DEBUG_RESUMED (Resumed, STEP)
(00:08:40.764) ReadingException: com.freescale.mqx.gdb.tad.model.globalstatus.TadGlobalStatusFactory.isMqxDataValid() at 60.line "readLongVariableSafely(_mqx_kernel_data)"
(00:08:40.764) ERROR: [TadGlobalStatusFactory] Kernel Data NOT valid (pointer: 0x0000)
(00:08:40.764) ERROR: [TadGlobalStatusFactory] MQX data not valid!
(00:08:40.764) INFO: [TadModel$3] Loading of TAD Global Status took 501 ms
(00:08:40.850) INFO: [TadState] TAD state changed from DEBUG_RESUMED to READY (Suspended, STEP)
(00:08:41.122) INFO: [TadState] TAD state changed from READY to DEBUG_RESUMED (Resumed, STEP)
(00:08:41.286) INFO: [TadState] TAD state changed from DEBUG_RESUMED to READY (Suspended, STEP)
(00:08:41.355) ReadingException: com.freescale.mqx.gdb.tad.model.globalstatus.TadGlobalStatusFactory.isMqxDataValid() at 60.line "readLongVariableSafely(_mqx_kernel_data)"
(00:08:41.355) ERROR: [TadGlobalStatusFactory] Kernel Data NOT valid (pointer: 0x0000)
(00:08:41.355) ERROR: [TadGlobalStatusFactory] MQX data not valid!
(00:08:41.355) INFO: [TadModel$3] Loading of TAD Global Status took 502 ms
(00:08:41.398) INFO: [TadState] TAD state changed from READY to DEBUG_RESUMED (Resumed, STEP)
(00:08:41.514) INFO: [TadState] TAD state changed from DEBUG_RESUMED to READY (Suspended, STEP)
(00:08:41.857) ReadingException: com.freescale.mqx.gdb.tad.model.globalstatus.TadGlobalStatusFactory.isMqxDataValid() at 60.line "readLongVariableSafely(_mqx_kernel_data)"
(00:08:41.857) ERROR: [TadGlobalStatusFactory] Kernel Data NOT valid (pointer: 0x0000)
(00:08:41.857) ERROR: [TadGlobalStatusFactory] MQX data not valid!
(00:08:41.857) INFO: [TadModel$3] Loading of TAD Global Status took 502 ms
(00:08:41.927) INFO: [TadState] TAD state changed from READY to DEBUG_RESUMED (Resumed, STEP)
(00:08:42.095) INFO: [TadState] TAD state changed from DEBUG_RESUMED to READY (Suspended, STEP)
(00:08:42.358) ReadingException: com.freescale.mqx.gdb.tad.model.globalstatus.TadGlobalStatusFactory.isMqxDataValid() at 60.line "readLongVariableSafely(_mqx_kernel_data)"
(00:08:42.358) ERROR: [TadGlobalStatusFactory] Kernel Data NOT valid (pointer: 0x0000)
(00:08:42.358) ERROR: [TadGlobalStatusFactory] MQX data not valid!
(00:08:42.358) INFO: [TadModel$3] Loading of TAD Global Status took 501 ms
(00:08:42.598) INFO: [TadState] TAD state changed from READY to DEBUG_RESUMED (Resumed, STEP)
(00:08:42.860) ReadingException: com.freescale.mqx.gdb.tad.model.globalstatus.TadGlobalStatusFactory.isMqxDataValid() at 60.line "readLongVariableSafely(_mqx_kernel_data)"
(00:08:42.860) ERROR: [TadGlobalStatusFactory] Kernel Data NOT valid (pointer: 0x0000)
(00:08:42.860) ERROR: [TadGlobalStatusFactory] MQX data not valid!
(00:08:42.860) INFO: [TadModel$3] Loading of TAD Global Status took 502 ms
(00:08:42.872) INFO: [TadState] TAD state changed from DEBUG_RESUMED to READY (Suspended, STEP)
(00:08:43.301) INFO: [TadState] TAD state changed from READY to DEBUG_RESUMED (Resumed, STEP)
(00:08:43.376) ReadingException: com.freescale.mqx.gdb.tad.model.globalstatus.TadGlobalStatusFactory.isMqxDataValid() at 60.line "readLongVariableSafely(_mqx_kernel_data)"
(00:08:43.376) ERROR: [TadGlobalStatusFactory] Kernel Data NOT valid (pointer: 0x0000)
(00:08:43.376) ERROR: [TadGlobalStatusFactory] MQX data not valid!
(00:08:43.376) INFO: [TadModel$3] Loading of TAD Global Status took 502 ms
(00:08:43.707) INFO: [TadState] TAD state changed from DEBUG_RESUMED to READY (Suspended, STEP)
(00:08:43.743) INFO: [TadState] TAD state changed from READY to DEBUG_RESUMED (Resumed, STEP)
(00:08:43.910) INFO: [TadState] TAD state changed from DEBUG_RESUMED to READY (Suspended, STEP)
(00:08:44.210) ReadingException: com.freescale.mqx.gdb.tad.model.globalstatus.TadGlobalStatusFactory.isMqxDataValid() at 60.line "readLongVariableSafely(_mqx_kernel_data)"
(00:08:44.210) ERROR: [TadGlobalStatusFactory] Kernel Data NOT valid (pointer: 0x0000)
(00:08:44.210) ERROR: [TadGlobalStatusFactory] MQX data not valid!
(00:08:44.210) INFO: [TadModel$3] Loading of TAD Global Status took 501 ms
(00:08:44.592) INFO: [TadState] TAD state changed from READY to DEBUG_RESUMED (Resumed, STEP)
(00:08:44.711) ReadingException: com.freescale.mqx.gdb.tad.model.globalstatus.TadGlobalStatusFactory.isMqxDataValid() at 60.line "readLongVariableSafely(_mqx_kernel_data)"
(00:08:44.711) ERROR: [TadGlobalStatusFactory] Kernel Data NOT valid (pointer: 0x0000)
(00:08:44.711) ERROR: [TadGlobalStatusFactory] MQX data not valid!
(00:08:44.711) INFO: [TadModel$3] Loading of TAD Global Status took 501 ms
(00:08:44.809) INFO: [TadState] TAD state changed from DEBUG_RESUMED to READY (Suspended, STEP)
(00:08:44.936) INFO: [TadState] TAD state changed from READY to DEBUG_RESUMED (Resumed, STEP)
(00:08:45.312) ReadingException: com.freescale.mqx.gdb.tad.model.globalstatus.TadGlobalStatusFactory.isMqxDataValid() at 60.line "readLongVariableSafely(_mqx_kernel_data)"
(00:08:45.312) ERROR: [TadGlobalStatusFactory] Kernel Data NOT valid (pointer: 0x0000)
(00:08:45.312) ERROR: [TadGlobalStatusFactory] MQX data not valid!
(00:08:45.312) INFO: [TadModel$3] Loading of TAD Global Status took 501 ms
(00:08:45.342) INFO: [TadState] TAD state changed from DEBUG_RESUMED to READY (Suspended, STEP)
(00:08:45.374) INFO: [TadState] TAD state changed from READY to DEBUG_RESUMED (Resumed, STEP)
(00:08:45.546) INFO: [TadState] TAD state changed from DEBUG_RESUMED to READY (Suspended, STEP)
(00:08:45.845) ReadingException: com.freescale.mqx.gdb.tad.model.globalstatus.TadGlobalStatusFactory.isMqxDataValid() at 60.line "readLongVariableSafely(_mqx_kernel_data)"
(00:08:45.845) ERROR: [TadGlobalStatusFactory] Kernel Data NOT valid (pointer: 0x0000)
(00:08:45.845) ERROR: [TadGlobalStatusFactory] MQX data not valid!
(00:08:45.845) INFO: [TadModel$3] Loading of TAD Global Status took 501 ms
(00:08:46.347) ReadingException: com.freescale.mqx.gdb.tad.model.globalstatus.TadGlobalStatusFactory.isMqxDataValid() at 60.line "readLongVariableSafely(_mqx_kernel_data)"
(00:08:46.347) ERROR: [TadGlobalStatusFactory] Kernel Data NOT valid (pointer: 0x0000)
(00:08:46.347) ERROR: [TadGlobalStatusFactory] MQX data not valid!
(00:08:46.347) INFO: [TadModel$3] Loading of TAD Global Status took 502 ms
(00:08:46.347) INFO: [TadGlobalStatusController] TAD global status data is ready!
(00:08:47.281) INFO: [TadState] TAD state changed from READY to DEBUG_RESUMED (Resumed, STEP)
(00:08:47.497) INFO: [TadState] TAD state changed from DEBUG_RESUMED to READY (Suspended, STEP)
(00:08:48.001) ReadingException: com.freescale.mqx.gdb.tad.model.globalstatus.TadGlobalStatusFactory.isMqxDataValid() at 60.line "readLongVariableSafely(_mqx_kernel_data)"
(00:08:48.001) ERROR: [TadGlobalStatusFactory] Kernel Data NOT valid (pointer: 0x0000)
(00:08:48.001) ERROR: [TadGlobalStatusFactory] MQX data not valid!
(00:08:48.001) INFO: [TadModel$3] Loading of TAD Global Status took 501 ms
(00:08:48.001) INFO: [TadGlobalStatusController] TAD global status data is ready!
(00:08:54.272) INFO: [TadState] TAD state changed from READY to DEBUG_RESUMED (Resumed, STEP)
(00:08:54.679) INFO: [TadState] TAD state changed from DEBUG_RESUMED to READY (Suspended, STEP)
(00:08:55.182) ReadingException: com.freescale.mqx.gdb.tad.model.globalstatus.TadGlobalStatusFactory.isMqxDataValid() at 60.line "readLongVariableSafely(_mqx_kernel_data)"
(00:08:55.182) ERROR: [TadGlobalStatusFactory] Kernel Data NOT valid (pointer: 0x0000)
(00:08:55.182) ERROR: [TadGlobalStatusFactory] MQX data not valid!
(00:08:55.182) INFO: [TadModel$3] Loading of TAD Global Status took 501 ms
(00:08:55.182) INFO: [TadGlobalStatusController] TAD global status data is ready!
(00:08:56.810) INFO: [TadState] TAD state changed from READY to DEBUG_RESUMED (Resumed, STEP)
(00:08:56.979) INFO: [TadState] TAD state changed from DEBUG_RESUMED to READY (Suspended, STEP)
(00:08:57.102) INFO: [TadState] TAD state changed from READY to DEBUG_RESUMED (Resumed, STEP)
(00:08:57.319) INFO: [TadState] TAD state changed from DEBUG_RESUMED to READY (Suspended, STEP)
(00:08:57.379) INFO: [TadState] TAD state changed from READY to DEBUG_RESUMED (Resumed, STEP)
(00:08:57.482) ReadingException: com.freescale.mqx.gdb.tad.model.globalstatus.TadGlobalStatusFactory.isMqxDataValid() at 60.line "readLongVariableSafely(_mqx_kernel_data)"
(00:08:57.482) ERROR: [TadGlobalStatusFactory] Kernel Data NOT valid (pointer: 0x0000)
(00:08:57.482) ERROR: [TadGlobalStatusFactory] MQX data not valid!
(00:08:57.482) INFO: [TadModel$3] Loading of TAD Global Status took 501 ms
(00:08:57.785) INFO: [TadState] TAD state changed from DEBUG_RESUMED to READY (Suspended, STEP)
(00:08:57.822) INFO: [TadState] TAD state changed from READY to DEBUG_RESUMED (Resumed, STEP)
(00:08:57.985) INFO: [TadState] TAD state changed from DEBUG_RESUMED to READY (Suspended, STEP)
(00:08:58.018) INFO: [TadState] TAD state changed from READY to DEBUG_RESUMED (Resumed, STEP)
(00:08:58.237) INFO: [TadState] TAD state changed from DEBUG_RESUMED to READY (Suspended, STEP)
(00:08:58.280) INFO: [TadState] TAD state changed from READY to DEBUG_RESUMED (Resumed, STEP)
(00:08:58.290) ReadingException: com.freescale.mqx.gdb.tad.model.globalstatus.TadGlobalStatusFactory.isMqxDataValid() at 60.line "readLongVariableSafely(_mqx_kernel_data)"
(00:08:58.290) ERROR: [TadGlobalStatusFactory] Kernel Data NOT valid (pointer: 0x0000)
(00:08:58.290) ERROR: [TadGlobalStatusFactory] MQX data not valid!
(00:08:58.290) INFO: [TadModel$3] Loading of TAD Global Status took 502 ms
(00:08:58.687) INFO: [TadState] TAD state changed from DEBUG_RESUMED to READY (Suspended, STEP)
(00:08:58.723) INFO: [TadState] TAD state changed from READY to DEBUG_RESUMED (Resumed, STEP)
(00:08:58.889) INFO: [TadState] TAD state changed from DEBUG_RESUMED to READY (Suspended, STEP)
(00:08:58.922) INFO: [TadState] TAD state changed from READY to DEBUG_RESUMED (Resumed, STEP)
(00:08:59.140) INFO: [TadState] TAD state changed from DEBUG_RESUMED to READY (Suspended, STEP)
(00:08:59.177) INFO: [TadState] TAD state changed from READY to DEBUG_RESUMED (Resumed, STEP)
(00:08:59.190) ReadingException: com.freescale.mqx.gdb.tad.model.globalstatus.TadGlobalStatusFactory.isMqxDataValid() at 60.line "readLongVariableSafely(_mqx_kernel_data)"
(00:08:59.190) ERROR: [TadGlobalStatusFactory] Kernel Data NOT valid (pointer: 0x0000)
(00:08:59.190) ERROR: [TadGlobalStatusFactory] MQX data not valid!
(00:08:59.190) INFO: [TadModel$3] Loading of TAD Global Status took 501 ms
(00:08:59.593) INFO: [TadState] TAD state changed from DEBUG_RESUMED to READY (Suspended, STEP)
(00:08:59.642) INFO: [TadState] TAD state changed from READY to DEBUG_RESUMED (Resumed, STEP)
(00:08:59.906) INFO: [TadState] TAD state changed from DEBUG_RESUMED to READY (Suspended, STEP)
(00:08:59.938) INFO: [TadState] TAD state changed from READY to DEBUG_RESUMED (Resumed, STEP)
(00:09:00.057) INFO: [TadState] TAD state changed from DEBUG_RESUMED to READY (Suspended, STEP)
(00:09:00.098) ReadingException: com.freescale.mqx.gdb.tad.model.globalstatus.TadGlobalStatusFactory.isMqxDataValid() at 60.line "readLongVariableSafely(_mqx_kernel_data)"
(00:09:00.098) ERROR: [TadGlobalStatusFactory] Kernel Data NOT valid (pointer: 0x0000)
(00:09:00.098) ERROR: [TadGlobalStatusFactory] MQX data not valid!
(00:09:00.098) INFO: [TadModel$3] Loading of TAD Global Status took 502 ms
(00:09:00.105) INFO: [TadState] TAD state changed from READY to DEBUG_RESUMED (Resumed, STEP)
(00:09:00.274) INFO: [TadState] TAD state changed from DEBUG_RESUMED to READY (Suspended, STEP)
(00:09:00.336) INFO: [TadState] TAD state changed from READY to DEBUG_RESUMED (Resumed, STEP)
(00:09:00.556) INFO: [TadState] TAD state changed from DEBUG_RESUMED to READY (Suspended, STEP)
(00:09:00.599) ReadingException: com.freescale.mqx.gdb.tad.model.globalstatus.TadGlobalStatusFactory.isMqxDataValid() at 60.line "readLongVariableSafely(_mqx_kernel_data)"
(00:09:00.599) ERROR: [TadGlobalStatusFactory] Kernel Data NOT valid (pointer: 0x0000)
(00:09:00.599) ERROR: [TadGlobalStatusFactory] MQX data not valid!
(00:09:00.599) INFO: [TadModel$3] Loading of TAD Global Status took 501 ms
(00:09:00.870) INFO: [TadState] TAD state changed from READY to DEBUG_RESUMED (Resumed, STEP)
(00:09:01.100) ReadingException: com.freescale.mqx.gdb.tad.model.globalstatus.TadGlobalStatusFactory.isMqxDataValid() at 60.line "readLongVariableSafely(_mqx_kernel_data)"
(00:09:01.100) ERROR: [TadGlobalStatusFactory] Kernel Data NOT valid (pointer: 0x0000)
(00:09:01.100) ERROR: [TadGlobalStatusFactory] MQX data not valid!
(00:09:01.100) INFO: [TadModel$3] Loading of TAD Global Status took 501 ms
(00:09:01.288) INFO: [TadState] TAD state changed from DEBUG_RESUMED to READY (Suspended, STEP)
(00:09:01.330) INFO: [TadState] TAD state changed from READY to DEBUG_RESUMED (Resumed, STEP)
(00:09:01.503) INFO: [TadState] TAD state changed from DEBUG_RESUMED to READY (Suspended, STEP)
(00:09:01.537) INFO: [TadState] TAD state changed from READY to DEBUG_RESUMED (Resumed, STEP)
(00:09:01.756) INFO: [TadState] TAD state changed from DEBUG_RESUMED to READY (Suspended, STEP)
(00:09:01.793) ReadingException: com.freescale.mqx.gdb.tad.model.globalstatus.TadGlobalStatusFactory.isMqxDataValid() at 60.line "readLongVariableSafely(_mqx_kernel_data)"
(00:09:01.793) ERROR: [TadGlobalStatusFactory] Kernel Data NOT valid (pointer: 0x0000)
(00:09:01.793) ERROR: [TadGlobalStatusFactory] MQX data not valid!
(00:09:01.793) INFO: [TadModel$3] Loading of TAD Global Status took 502 ms
(00:09:01.803) INFO: [TadState] TAD state changed from READY to DEBUG_RESUMED (Resumed, STEP)
(00:09:02.211) INFO: [TadState] TAD state changed from DEBUG_RESUMED to READY (Suspended, STEP)
(00:09:02.284) INFO: [TadState] TAD state changed from READY to DEBUG_RESUMED (Resumed, STEP)
(00:09:02.294) ReadingException: com.freescale.mqx.gdb.tad.model.globalstatus.TadGlobalStatusFactory.isMqxDataValid() at 60.line "readLongVariableSafely(_mqx_kernel_data)"
(00:09:02.294) ERROR: [TadGlobalStatusFactory] Kernel Data NOT valid (pointer: 0x0000)
(00:09:02.294) ERROR: [TadGlobalStatusFactory] MQX data not valid!
(00:09:02.294) INFO: [TadModel$3] Loading of TAD Global Status took 501 ms
(00:09:02.454) INFO: [TadState] TAD state changed from DEBUG_RESUMED to READY (Suspended, STEP)
(00:09:02.507) INFO: [TadState] TAD state changed from READY to DEBUG_RESUMED (Resumed, STEP)
(00:09:02.727) INFO: [TadState] TAD state changed from DEBUG_RESUMED to READY (Suspended, STEP)
(00:09:02.767) INFO: [TadState] TAD state changed from READY to DEBUG_RESUMED (Resumed, STEP)
(00:09:02.958) ReadingException: com.freescale.mqx.gdb.tad.model.globalstatus.TadGlobalStatusFactory.isMqxDataValid() at 60.line "readLongVariableSafely(_mqx_kernel_data)"
(00:09:02.958) ERROR: [TadGlobalStatusFactory] Kernel Data NOT valid (pointer: 0x0000)
(00:09:02.958) ERROR: [TadGlobalStatusFactory] MQX data not valid!
(00:09:02.958) INFO: [TadModel$3] Loading of TAD Global Status took 501 ms
(00:09:03.180) INFO: [TadState] TAD state changed from DEBUG_RESUMED to READY (Suspended, STEP)
(00:09:03.224) INFO: [TadState] TAD state changed from READY to DEBUG_RESUMED (Resumed, STEP)
(00:09:03.393) INFO: [TadState] TAD state changed from DEBUG_RESUMED to READY (Suspended, STEP)
(00:09:03.440) INFO: [TadState] TAD state changed from READY to DEBUG_RESUMED (Resumed, STEP)
(00:09:03.662) INFO: [TadState] TAD state changed from DEBUG_RESUMED to READY (Suspended, STEP)
(00:09:03.683) ReadingException: com.freescale.mqx.gdb.tad.model.globalstatus.TadGlobalStatusFactory.isMqxDataValid() at 60.line "readLongVariableSafely(_mqx_kernel_data)"
(00:09:03.683) ERROR: [TadGlobalStatusFactory] Kernel Data NOT valid (pointer: 0x0000)
(00:09:03.683) ERROR: [TadGlobalStatusFactory] MQX data not valid!
(00:09:03.683) INFO: [TadModel$3] Loading of TAD Global Status took 500 ms
(00:09:03.713) INFO: [TadState] TAD state changed from READY to DEBUG_RESUMED (Resumed, STEP)
(00:09:04.132) INFO: [TadState] TAD state changed from DEBUG_RESUMED to READY (Suspended, STEP)
(00:09:04.174) INFO: [TadState] TAD state changed from READY to DEBUG_RESUMED (Resumed, STEP)
(00:09:04.184) ReadingException: com.freescale.mqx.gdb.tad.model.globalstatus.TadGlobalStatusFactory.isMqxDataValid() at 60.line "readLongVariableSafely(_mqx_kernel_data)"
(00:09:04.184) ERROR: [TadGlobalStatusFactory] Kernel Data NOT valid (pointer: 0x0000)
(00:09:04.184) ERROR: [TadGlobalStatusFactory] MQX data not valid!
(00:09:04.184) INFO: [TadModel$3] Loading of TAD Global Status took 500 ms
(00:09:04.349) INFO: [TadState] TAD state changed from DEBUG_RESUMED to READY (Suspended, STEP)
(00:09:04.401) INFO: [TadState] TAD state changed from READY to DEBUG_RESUMED (Resumed, STEP)
(00:09:04.622) INFO: [TadState] TAD state changed from DEBUG_RESUMED to READY (Suspended, STEP)
(00:09:04.668) INFO: [TadState] TAD state changed from READY to DEBUG_RESUMED (Resumed, STEP)
(00:09:04.854) ReadingException: com.freescale.mqx.gdb.tad.model.globalstatus.TadGlobalStatusFactory.isMqxDataValid() at 60.line "readLongVariableSafely(_mqx_kernel_data)"
(00:09:04.854) ERROR: [TadGlobalStatusFactory] Kernel Data NOT valid (pointer: 0x0000)
(00:09:04.854) ERROR: [TadGlobalStatusFactory] MQX data not valid!
(00:09:04.854) INFO: [TadModel$3] Loading of TAD Global Status took 502 ms
(00:09:05.083) INFO: [TadState] TAD state changed from DEBUG_RESUMED to READY (Suspended, STEP)
(00:09:05.128) INFO: [TadState] TAD state changed from READY to DEBUG_RESUMED (Resumed, STEP)
(00:09:05.294) INFO: [TadState] TAD state changed from DEBUG_RESUMED to READY (Suspended, STEP)
(00:09:05.341) INFO: [TadState] TAD state changed from READY to DEBUG_RESUMED (Resumed, STEP)
(00:09:05.564) INFO: [TadState] TAD state changed from DEBUG_RESUMED to READY (Suspended, STEP)
(00:09:05.587) ReadingException: com.freescale.mqx.gdb.tad.model.globalstatus.TadGlobalStatusFactory.isMqxDataValid() at 60.line "readLongVariableSafely(_mqx_kernel_data)"
(00:09:05.587) ERROR: [TadGlobalStatusFactory] Kernel Data NOT valid (pointer: 0x0000)
(00:09:05.587) ERROR: [TadGlobalStatusFactory] MQX data not valid!
(00:09:05.587) INFO: [TadModel$3] Loading of TAD Global Status took 501 ms
(00:09:05.616) INFO: [TadState] TAD state changed from READY to DEBUG_RESUMED (Resumed, STEP)
(00:09:06.031) INFO: [TadState] TAD state changed from DEBUG_RESUMED to READY (Suspended, STEP)
(00:09:06.078) INFO: [TadState] TAD state changed from READY to DEBUG_RESUMED (Resumed, STEP)
(00:09:06.089) ReadingException: com.freescale.mqx.gdb.tad.model.globalstatus.TadGlobalStatusFactory.isMqxDataValid() at 60.line "readLongVariableSafely(_mqx_kernel_data)"
(00:09:06.089) ERROR: [TadGlobalStatusFactory] Kernel Data NOT valid (pointer: 0x0000)
(00:09:06.089) ERROR: [TadGlobalStatusFactory] MQX data not valid!
(00:09:06.089) INFO: [TadModel$3] Loading of TAD Global Status took 502 ms
(00:09:06.344) INFO: [TadState] TAD state changed from DEBUG_RESUMED to READY (Suspended, STEP)
(00:09:06.385) INFO: [TadState] TAD state changed from READY to DEBUG_RESUMED (Resumed, STEP)
(00:09:06.502) INFO: [TadState] TAD state changed from DEBUG_RESUMED to READY (Suspended, STEP)
(00:09:06.554) INFO: [TadState] TAD state changed from READY to DEBUG_RESUMED (Resumed, STEP)
(00:09:06.722) INFO: [TadState] TAD state changed from DEBUG_RESUMED to READY (Suspended, STEP)
(00:09:06.775) INFO: [TadState] TAD state changed from READY to DEBUG_RESUMED (Resumed, STEP)
(00:09:06.848) ReadingException: com.freescale.mqx.gdb.tad.model.globalstatus.TadGlobalStatusFactory.isMqxDataValid() at 60.line "readLongVariableSafely(_mqx_kernel_data)"
(00:09:06.848) ERROR: [TadGlobalStatusFactory] Kernel Data NOT valid (pointer: 0x0000)
(00:09:06.848) ERROR: [TadGlobalStatusFactory] MQX data not valid!
(00:09:06.848) INFO: [TadModel$3] Loading of TAD Global Status took 501 ms
(00:09:06.999) INFO: [TadState] TAD state changed from DEBUG_RESUMED to READY (Suspended, STEP)
(00:09:07.041) INFO: [TadState] TAD state changed from READY to DEBUG_RESUMED (Resumed, STEP)
(00:09:07.460) INFO: [TadState] TAD state changed from DEBUG_RESUMED to READY (Suspended, STEP)
(00:09:07.502) INFO: [TadState] TAD state changed from READY to DEBUG_RESUMED (Resumed, STEP)
(00:09:07.503) ReadingException: com.freescale.mqx.gdb.tad.model.globalstatus.TadGlobalStatusFactory.isMqxDataValid() at 60.line "readLongVariableSafely(_mqx_kernel_data)"
(00:09:07.503) ERROR: [TadGlobalStatusFactory] Kernel Data NOT valid (pointer: 0x0000)
(00:09:07.503) ERROR: [TadGlobalStatusFactory] MQX data not valid!
(00:09:07.503) INFO: [TadModel$3] Loading of TAD Global Status took 501 ms
(00:09:07.677) INFO: [TadState] TAD state changed from DEBUG_RESUMED to READY (Suspended, STEP)
(00:09:07.719) INFO: [TadState] TAD state changed from READY to DEBUG_RESUMED (Resumed, STEP)
(00:09:07.939) INFO: [TadState] TAD state changed from DEBUG_RESUMED to READY (Suspended, STEP)
(00:09:07.986) INFO: [TadState] TAD state changed from READY to DEBUG_RESUMED (Resumed, STEP)
(00:09:08.181) ReadingException: com.freescale.mqx.gdb.tad.model.globalstatus.TadGlobalStatusFactory.isMqxDataValid() at 60.line "readLongVariableSafely(_mqx_kernel_data)"
(00:09:08.181) ERROR: [TadGlobalStatusFactory] Kernel Data NOT valid (pointer: 0x0000)
(00:09:08.181) ERROR: [TadGlobalStatusFactory] MQX data not valid!
(00:09:08.181) INFO: [TadModel$3] Loading of TAD Global Status took 501 ms
(00:09:08.399) INFO: [TadState] TAD state changed from DEBUG_RESUMED to READY (Suspended, STEP)
(00:09:08.443) INFO: [TadState] TAD state changed from READY to DEBUG_RESUMED (Resumed, STEP)
(00:09:08.611) INFO: [TadState] TAD state changed from DEBUG_RESUMED to READY (Suspended, STEP)
(00:09:08.649) INFO: [TadState] TAD state changed from READY to DEBUG_RESUMED (Resumed, STEP)
(00:09:08.870) INFO: [TadState] TAD state changed from DEBUG_RESUMED to READY (Suspended, STEP)
(00:09:08.903) ReadingException: com.freescale.mqx.gdb.tad.model.globalstatus.TadGlobalStatusFactory.isMqxDataValid() at 60.line "readLongVariableSafely(_mqx_kernel_data)"
(00:09:08.903) ERROR: [TadGlobalStatusFactory] Kernel Data NOT valid (pointer: 0x0000)
(00:09:08.903) ERROR: [TadGlobalStatusFactory] MQX data not valid!
(00:09:08.903) INFO: [TadModel$3] Loading of TAD Global Status took 501 ms
(00:09:08.924) INFO: [TadState] TAD state changed from READY to DEBUG_RESUMED (Resumed, STEP)
(00:09:09.337) INFO: [TadState] TAD state changed from DEBUG_RESUMED to READY (Suspended, STEP)
(00:09:09.381) INFO: [TadState] TAD state changed from READY to DEBUG_RESUMED (Resumed, STEP)
(00:09:09.406) ReadingException: com.freescale.mqx.gdb.tad.model.globalstatus.TadGlobalStatusFactory.isMqxDataValid() at 60.line "readLongVariableSafely(_mqx_kernel_data)"
(00:09:09.406) ERROR: [TadGlobalStatusFactory] Kernel Data NOT valid (pointer: 0x0000)
(00:09:09.406) ERROR: [TadGlobalStatusFactory] MQX data not valid!
(00:09:09.406) INFO: [TadModel$3] Loading of TAD Global Status took 502 ms
(00:09:09.652) INFO: [TadState] TAD state changed from DEBUG_RESUMED to READY (Suspended, STEP)
(00:09:09.694) INFO: [TadState] TAD state changed from READY to DEBUG_RESUMED (Resumed, STEP)
(00:09:09.812) INFO: [TadState] TAD state changed from DEBUG_RESUMED to READY (Suspended, STEP)
(00:09:09.864) INFO: [TadState] TAD state changed from READY to DEBUG_RESUMED (Resumed, STEP)
(00:09:10.029) INFO: [TadState] TAD state changed from DEBUG_RESUMED to READY (Suspended, STEP)
(00:09:10.082) INFO: [TadState] TAD state changed from READY to DEBUG_RESUMED (Resumed, STEP)
(00:09:10.156) ReadingException: com.freescale.mqx.gdb.tad.model.globalstatus.TadGlobalStatusFactory.isMqxDataValid() at 60.line "readLongVariableSafely(_mqx_kernel_data)"
(00:09:10.156) ERROR: [TadGlobalStatusFactory] Kernel Data NOT valid (pointer: 0x0000)
(00:09:10.156) ERROR: [TadGlobalStatusFactory] MQX data not valid!
(00:09:10.156) INFO: [TadModel$3] Loading of TAD Global Status took 501 ms
(00:09:10.304) INFO: [TadState] TAD state changed from DEBUG_RESUMED to READY (Suspended, STEP)
(00:09:10.346) INFO: [TadState] TAD state changed from READY to DEBUG_RESUMED (Resumed, STEP)
(00:09:10.765) INFO: [TadState] TAD state changed from DEBUG_RESUMED to READY (Suspended, STEP)
(00:09:10.806) INFO: [TadState] TAD state changed from READY to DEBUG_RESUMED (Resumed, STEP)
(00:09:10.809) ReadingException: com.freescale.mqx.gdb.tad.model.globalstatus.TadGlobalStatusFactory.isMqxDataValid() at 60.line "readLongVariableSafely(_mqx_kernel_data)"
(00:09:10.809) ERROR: [TadGlobalStatusFactory] Kernel Data NOT valid (pointer: 0x0000)
(00:09:10.809) ERROR: [TadGlobalStatusFactory] MQX data not valid!
(00:09:10.809) INFO: [TadModel$3] Loading of TAD Global Status took 502 ms
(00:09:10.979) INFO: [TadState] TAD state changed from DEBUG_RESUMED to READY (Suspended, STEP)
(00:09:11.022) INFO: [TadState] TAD state changed from READY to DEBUG_RESUMED (Resumed, STEP)
(00:09:11.244) INFO: [TadState] TAD state changed from DEBUG_RESUMED to READY (Suspended, STEP)
(00:09:11.291) INFO: [TadState] TAD state changed from READY to DEBUG_RESUMED (Resumed, STEP)
(00:09:11.483) ReadingException: com.freescale.mqx.gdb.tad.model.globalstatus.TadGlobalStatusFactory.isMqxDataValid() at 60.line "readLongVariableSafely(_mqx_kernel_data)"
(00:09:11.483) ERROR: [TadGlobalStatusFactory] Kernel Data NOT valid (pointer: 0x0000)
(00:09:11.483) ERROR: [TadGlobalStatusFactory] MQX data not valid!
(00:09:11.483) INFO: [TadModel$3] Loading of TAD Global Status took 501 ms
(00:09:11.703) INFO: [TadState] TAD state changed from DEBUG_RESUMED to READY (Suspended, STEP)
(00:09:11.749) INFO: [TadState] TAD state changed from READY to DEBUG_RESUMED (Resumed, STEP)
(00:09:11.915) INFO: [TadState] TAD state changed from DEBUG_RESUMED to READY (Suspended, STEP)
(00:09:11.948) INFO: [TadState] TAD state changed from READY to DEBUG_RESUMED (Resumed, STEP)
(00:09:12.169) INFO: [TadState] TAD state changed from DEBUG_RESUMED to READY (Suspended, STEP)
(00:09:12.209) ReadingException: com.freescale.mqx.gdb.tad.model.globalstatus.TadGlobalStatusFactory.isMqxDataValid() at 60.line "readLongVariableSafely(_mqx_kernel_data)"
(00:09:12.209) ERROR: [TadGlobalStatusFactory] Kernel Data NOT valid (pointer: 0x0000)
(00:09:12.209) ERROR: [TadGlobalStatusFactory] MQX data not valid!
(00:09:12.209) INFO: [TadModel$3] Loading of TAD Global Status took 502 ms
(00:09:12.303) INFO: [TadState] TAD state changed from READY to DEBUG_RESUMED (Resumed, STEP)
(00:09:12.710) ReadingException: com.freescale.mqx.gdb.tad.model.globalstatus.TadGlobalStatusFactory.isMqxDataValid() at 60.line "readLongVariableSafely(_mqx_kernel_data)"
(00:09:12.710) ERROR: [TadGlobalStatusFactory] Kernel Data NOT valid (pointer: 0x0000)
(00:09:12.710) ERROR: [TadGlobalStatusFactory] MQX data not valid!
(00:09:12.710) INFO: [TadModel$3] Loading of TAD Global Status took 500 ms
(00:09:12.714) INFO: [TadState] TAD state changed from DEBUG_RESUMED to READY (Suspended, STEP)
(00:09:12.837) INFO: [TadState] TAD state changed from READY to DEBUG_RESUMED (Resumed, STEP)
(00:09:13.010) INFO: [TadState] TAD state changed from DEBUG_RESUMED to READY (Suspended, STEP)
(00:09:13.218) ReadingException: com.freescale.mqx.gdb.tad.model.globalstatus.TadGlobalStatusFactory.isMqxDataValid() at 60.line "readLongVariableSafely(_mqx_kernel_data)"
(00:09:13.218) ERROR: [TadGlobalStatusFactory] Kernel Data NOT valid (pointer: 0x0000)
(00:09:13.218) ERROR: [TadGlobalStatusFactory] MQX data not valid!
(00:09:13.218) INFO: [TadModel$3] Loading of TAD Global Status took 501 ms
(00:09:13.493) INFO: [TadState] TAD state changed from READY to DEBUG_RESUMED (Resumed, STEP)
(00:09:13.709) INFO: [TadState] TAD state changed from DEBUG_RESUMED to READY (Suspended, STEP)
(00:09:13.719) ReadingException: com.freescale.mqx.gdb.tad.model.globalstatus.TadGlobalStatusFactory.isMqxDataValid() at 60.line "readLongVariableSafely(_mqx_kernel_data)"
(00:09:13.719) ERROR: [TadGlobalStatusFactory] Kernel Data NOT valid (pointer: 0x0000)
(00:09:13.719) ERROR: [TadGlobalStatusFactory] MQX data not valid!
(00:09:13.719) INFO: [TadModel$3] Loading of TAD Global Status took 501 ms
(00:09:13.872) INFO: [TadState] TAD state changed from READY to DEBUG_RESUMED (Resumed, STEP)
(00:09:14.221) ReadingException: com.freescale.mqx.gdb.tad.model.globalstatus.TadGlobalStatusFactory.isMqxDataValid() at 60.line "readLongVariableSafely(_mqx_kernel_data)"
(00:09:14.221) ERROR: [TadGlobalStatusFactory] Kernel Data NOT valid (pointer: 0x0000)
(00:09:14.221) ERROR: [TadGlobalStatusFactory] MQX data not valid!
(00:09:14.221) INFO: [TadModel$3] Loading of TAD Global Status took 502 ms
(00:09:14.285) INFO: [TadState] TAD state changed from DEBUG_RESUMED to READY (Suspended, STEP)
(00:09:14.398) INFO: [TadState] TAD state changed from READY to DEBUG_RESUMED (Resumed, STEP)
(00:09:14.659) INFO: [TadState] TAD state changed from DEBUG_RESUMED to READY (Suspended, STEP)
(00:09:14.788) ReadingException: com.freescale.mqx.gdb.tad.model.globalstatus.TadGlobalStatusFactory.isMqxDataValid() at 60.line "readLongVariableSafely(_mqx_kernel_data)"
(00:09:14.788) ERROR: [TadGlobalStatusFactory] Kernel Data NOT valid (pointer: 0x0000)
(00:09:14.788) ERROR: [TadGlobalStatusFactory] MQX data not valid!
(00:09:14.788) INFO: [TadModel$3] Loading of TAD Global Status took 501 ms
(00:09:15.031) INFO: [TadState] TAD state changed from READY to DEBUG_RESUMED (Resumed, STEP)
(00:09:15.148) INFO: [TadState] TAD state changed from DEBUG_RESUMED to READY (Suspended, STEP)
(00:09:15.289) ReadingException: com.freescale.mqx.gdb.tad.model.globalstatus.TadGlobalStatusFactory.isMqxDataValid() at 60.line "readLongVariableSafely(_mqx_kernel_data)"
(00:09:15.289) ERROR: [TadGlobalStatusFactory] Kernel Data NOT valid (pointer: 0x0000)
(00:09:15.289) ERROR: [TadGlobalStatusFactory] MQX data not valid!
(00:09:15.289) INFO: [TadModel$3] Loading of TAD Global Status took 500 ms
(00:09:15.619) INFO: [TadState] TAD state changed from READY to DEBUG_RESUMED (Resumed, STEP)
(00:09:15.786) INFO: [TadState] TAD state changed from DEBUG_RESUMED to READY (Suspended, STEP)
(00:09:15.809) ReadingException: com.freescale.mqx.gdb.tad.model.globalstatus.TadGlobalStatusFactory.isMqxDataValid() at 60.line "readLongVariableSafely(_mqx_kernel_data)"
(00:09:15.809) ERROR: [TadGlobalStatusFactory] Kernel Data NOT valid (pointer: 0x0000)
(00:09:15.809) ERROR: [TadGlobalStatusFactory] MQX data not valid!
(00:09:15.809) INFO: [TadModel$3] Loading of TAD Global Status took 502 ms
(00:09:16.159) INFO: [TadState] TAD state changed from READY to DEBUG_RESUMED (Resumed, STEP)
(00:09:16.310) ReadingException: com.freescale.mqx.gdb.tad.model.globalstatus.TadGlobalStatusFactory.isMqxDataValid() at 60.line "readLongVariableSafely(_mqx_kernel_data)"
(00:09:16.310) ERROR: [TadGlobalStatusFactory] Kernel Data NOT valid (pointer: 0x0000)
(00:09:16.310) ERROR: [TadGlobalStatusFactory] MQX data not valid!
(00:09:16.310) INFO: [TadModel$3] Loading of TAD Global Status took 501 ms
(00:09:16.376) INFO: [TadState] TAD state changed from DEBUG_RESUMED to READY (Suspended, STEP)
(00:09:16.613) INFO: [TadState] TAD state changed from READY to DEBUG_RESUMED (Resumed, STEP)
(00:09:16.879) ReadingException: com.freescale.mqx.gdb.tad.model.globalstatus.TadGlobalStatusFactory.isMqxDataValid() at 60.line "readLongVariableSafely(_mqx_kernel_data)"
(00:09:16.879) ERROR: [TadGlobalStatusFactory] Kernel Data NOT valid (pointer: 0x0000)
(00:09:16.879) ERROR: [TadGlobalStatusFactory] MQX data not valid!
(00:09:16.879) INFO: [TadModel$3] Loading of TAD Global Status took 500 ms
(00:09:17.022) INFO: [TadState] TAD state changed from DEBUG_RESUMED to READY (Suspended, STEP)
(00:09:17.397) INFO: [TadState] TAD state changed from READY to DEBUG_RESUMED (Resumed, STEP)
(00:09:17.525) ReadingException: com.freescale.mqx.gdb.tad.model.globalstatus.TadGlobalStatusFactory.isMqxDataValid() at 60.line "readLongVariableSafely(_mqx_kernel_data)"
(00:09:17.525) ERROR: [TadGlobalStatusFactory] Kernel Data NOT valid (pointer: 0x0000)
(00:09:17.525) ERROR: [TadGlobalStatusFactory] MQX data not valid!
(00:09:17.525) INFO: [TadModel$3] Loading of TAD Global Status took 501 ms
(00:09:17.563) INFO: [TadState] TAD state changed from DEBUG_RESUMED to READY (Suspended, STEP)
(00:09:17.606) INFO: [TadState] TAD state changed from READY to DEBUG_RESUMED (Resumed, STEP)
(00:09:17.825) INFO: [TadState] TAD state changed from DEBUG_RESUMED to READY (Suspended, STEP)
(00:09:18.013) INFO: [TadState] TAD state changed from READY to DEBUG_RESUMED (Resumed, STEP)
(00:09:18.066) ReadingException: com.freescale.mqx.gdb.tad.model.globalstatus.TadGlobalStatusFactory.isMqxDataValid() at 60.line "readLongVariableSafely(_mqx_kernel_data)"
(00:09:18.066) ERROR: [TadGlobalStatusFactory] Kernel Data NOT valid (pointer: 0x0000)
(00:09:18.066) ERROR: [TadGlobalStatusFactory] MQX data not valid!
(00:09:18.066) INFO: [TadModel$3] Loading of TAD Global Status took 501 ms
(00:09:18.420) INFO: [TadState] TAD state changed from DEBUG_RESUMED to READY (Suspended, STEP)
(00:09:18.573) INFO: [TadState] TAD state changed from READY to DEBUG_RESUMED (Resumed, STEP)
(00:09:18.836) INFO: [TadState] TAD state changed from DEBUG_RESUMED to READY (Suspended, STEP)
(00:09:18.925) ReadingException: com.freescale.mqx.gdb.tad.model.globalstatus.TadGlobalStatusFactory.isMqxDataValid() at 60.line "readLongVariableSafely(_mqx_kernel_data)"
(00:09:18.925) ERROR: [TadGlobalStatusFactory] Kernel Data NOT valid (pointer: 0x0000)
(00:09:18.925) ERROR: [TadGlobalStatusFactory] MQX data not valid!
(00:09:18.925) INFO: [TadModel$3] Loading of TAD Global Status took 503 ms
(00:09:18.996) INFO: [TadState] TAD state changed from READY to DEBUG_RESUMED (Resumed, STEP)
(00:09:19.112) INFO: [TadState] TAD state changed from DEBUG_RESUMED to READY (Suspended, STEP)
(00:09:19.313) INFO: [TadState] TAD state changed from READY to DEBUG_RESUMED (Resumed, STEP)
(00:09:19.426) ReadingException: com.freescale.mqx.gdb.tad.model.globalstatus.TadGlobalStatusFactory.isMqxDataValid() at 60.line "readLongVariableSafely(_mqx_kernel_data)"
(00:09:19.426) ERROR: [TadGlobalStatusFactory] Kernel Data NOT valid (pointer: 0x0000)
(00:09:19.426) ERROR: [TadGlobalStatusFactory] MQX data not valid!
(00:09:19.426) INFO: [TadModel$3] Loading of TAD Global Status took 501 ms
(00:09:19.479) INFO: [TadState] TAD state changed from DEBUG_RESUMED to READY (Suspended, STEP)
(00:09:19.566) INFO: [TadState] TAD state changed from READY to DEBUG_RESUMED (Resumed, STEP)
(00:09:19.780) INFO: [TadState] TAD state changed from DEBUG_RESUMED to READY (Suspended, STEP)
(00:09:19.822) INFO: [TadState] TAD state changed from READY to DEBUG_RESUMED (Resumed, STEP)
(00:09:19.983) ReadingException: com.freescale.mqx.gdb.tad.model.globalstatus.TadGlobalStatusFactory.isMqxDataValid() at 60.line "readLongVariableSafely(_mqx_kernel_data)"
(00:09:19.983) ERROR: [TadGlobalStatusFactory] Kernel Data NOT valid (pointer: 0x0000)
(00:09:19.983) ERROR: [TadGlobalStatusFactory] MQX data not valid!
(00:09:19.983) INFO: [TadModel$3] Loading of TAD Global Status took 502 ms
(00:09:20.232) INFO: [TadState] TAD state changed from DEBUG_RESUMED to READY (Suspended, STEP)
(00:09:20.266) INFO: [TadState] TAD state changed from READY to DEBUG_RESUMED (Resumed, STEP)
(00:09:20.527) INFO: [TadState] TAD state changed from DEBUG_RESUMED to READY (Suspended, STEP)
(00:09:20.548) INFO: [TadState] TAD state changed from READY to DEBUG_RESUMED (Resumed, STEP)
(00:09:20.666) INFO: [TadState] TAD state changed from DEBUG_RESUMED to READY (Suspended, STEP)
(00:09:20.737) ReadingException: com.freescale.mqx.gdb.tad.model.globalstatus.TadGlobalStatusFactory.isMqxDataValid() at 60.line "readLongVariableSafely(_mqx_kernel_data)"
(00:09:20.737) ERROR: [TadGlobalStatusFactory] Kernel Data NOT valid (pointer: 0x0000)
(00:09:20.737) ERROR: [TadGlobalStatusFactory] MQX data not valid!
(00:09:20.737) INFO: [TadModel$3] Loading of TAD Global Status took 500 ms
(00:09:20.772) INFO: [TadState] TAD state changed from READY to DEBUG_RESUMED (Resumed, STEP)
(00:09:20.934) INFO: [TadState] TAD state changed from DEBUG_RESUMED to READY (Suspended, STEP)
(00:09:21.057) INFO: [TadState] TAD state changed from READY to DEBUG_RESUMED (Resumed, STEP)
(00:09:21.238) ReadingException: com.freescale.mqx.gdb.tad.model.globalstatus.TadGlobalStatusFactory.isMqxDataValid() at 60.line "readLongVariableSafely(_mqx_kernel_data)"
(00:09:21.238) ERROR: [TadGlobalStatusFactory] Kernel Data NOT valid (pointer: 0x0000)
(00:09:21.238) ERROR: [TadGlobalStatusFactory] MQX data not valid!
(00:09:21.238) INFO: [TadModel$3] Loading of TAD Global Status took 501 ms
(00:09:21.274) INFO: [TadState] TAD state changed from DEBUG_RESUMED to READY (Suspended, STEP)
(00:09:21.347) INFO: [TadState] TAD state changed from READY to DEBUG_RESUMED (Resumed, STEP)
(00:09:21.762) INFO: [TadState] TAD state changed from DEBUG_RESUMED to READY (Suspended, STEP)
(00:09:21.778) ReadingException: com.freescale.mqx.gdb.tad.model.globalstatus.TadGlobalStatusFactory.isMqxDataValid() at 60.line "readLongVariableSafely(_mqx_kernel_data)"
(00:09:21.778) ERROR: [TadGlobalStatusFactory] Kernel Data NOT valid (pointer: 0x0000)
(00:09:21.778) ERROR: [TadGlobalStatusFactory] MQX data not valid!
(00:09:21.778) INFO: [TadModel$3] Loading of TAD Global Status took 502 ms
(00:09:21.783) INFO: [TadState] TAD state changed from READY to DEBUG_RESUMED (Resumed, STEP)
(00:09:21.946) INFO: [TadState] TAD state changed from DEBUG_RESUMED to READY (Suspended, STEP)
(00:09:21.984) INFO: [TadState] TAD state changed from READY to DEBUG_RESUMED (Resumed, STEP)
(00:09:22.199) INFO: [TadState] TAD state changed from DEBUG_RESUMED to READY (Suspended, STEP)
(00:09:22.242) INFO: [TadState] TAD state changed from READY to DEBUG_RESUMED (Resumed, STEP)
(00:09:22.279) ReadingException: com.freescale.mqx.gdb.tad.model.globalstatus.TadGlobalStatusFactory.isMqxDataValid() at 60.line "readLongVariableSafely(_mqx_kernel_data)"
(00:09:22.279) ERROR: [TadGlobalStatusFactory] Kernel Data NOT valid (pointer: 0x0000)
(00:09:22.279) ERROR: [TadGlobalStatusFactory] MQX data not valid!
(00:09:22.279) INFO: [TadModel$3] Loading of TAD Global Status took 501 ms
(00:09:22.649) INFO: [TadState] TAD state changed from DEBUG_RESUMED to READY (Suspended, STEP)
(00:09:22.686) INFO: [TadState] TAD state changed from READY to DEBUG_RESUMED (Resumed, STEP)
(00:09:22.852) INFO: [TadState] TAD state changed from DEBUG_RESUMED to READY (Suspended, STEP)
(00:09:22.872) INFO: [TadState] TAD state changed from READY to DEBUG_RESUMED (Resumed, STEP)
(00:09:23.092) INFO: [TadState] TAD state changed from DEBUG_RESUMED to READY (Suspended, STEP)
(00:09:23.114) INFO: [TadState] TAD state changed from READY to DEBUG_RESUMED (Resumed, STEP)
(00:09:23.154) ReadingException: com.freescale.mqx.gdb.tad.model.globalstatus.TadGlobalStatusFactory.isMqxDataValid() at 60.line "readLongVariableSafely(_mqx_kernel_data)"
(00:09:23.154) ERROR: [TadGlobalStatusFactory] Kernel Data NOT valid (pointer: 0x0000)
(00:09:23.154) ERROR: [TadGlobalStatusFactory] MQX data not valid!
(00:09:23.154) INFO: [TadModel$3] Loading of TAD Global Status took 502 ms
(00:09:24.026) INFO: [TadState] TAD state changed from DEBUG_RESUMED to READY (Suspended, STEP)
(00:09:24.530) ReadingException: com.freescale.mqx.gdb.tad.model.globalstatus.TadGlobalStatusFactory.isMqxDataValid() at 60.line "readLongVariableSafely(_mqx_kernel_data)"
(00:09:24.530) ERROR: [TadGlobalStatusFactory] Kernel Data NOT valid (pointer: 0x0000)
(00:09:24.530) ERROR: [TadGlobalStatusFactory] MQX data not valid!
(00:09:24.530) INFO: [TadModel$3] Loading of TAD Global Status took 501 ms
(00:09:24.530) INFO: [TadGlobalStatusController] TAD global status data is ready!
(00:09:31.534) INFO: [TadState] TAD state changed from READY to DEBUG_RESUMED (Resumed, STEP)
(00:09:31.747) INFO: [TadState] TAD state changed from DEBUG_RESUMED to READY (Suspended, STEP)
(00:09:31.790) INFO: [TadState] TAD state changed from READY to DEBUG_RESUMED (Resumed, STEP)
(00:09:32.252) ReadingException: com.freescale.mqx.gdb.tad.model.globalstatus.TadGlobalStatusFactory.isMqxDataValid() at 60.line "readLongVariableSafely(_mqx_kernel_data)"
(00:09:32.252) ERROR: [TadGlobalStatusFactory] Kernel Data NOT valid (pointer: 0x0000)
(00:09:32.252) ERROR: [TadGlobalStatusFactory] MQX data not valid!
(00:09:32.252) INFO: [TadModel$3] Loading of TAD Global Status took 502 ms
(00:09:32.309) INFO: [TadState] TAD state changed from DEBUG_RESUMED to READY (Suspended, STEP)
(00:09:32.812) ReadingException: com.freescale.mqx.gdb.tad.model.globalstatus.TadGlobalStatusFactory.isMqxDataValid() at 60.line "readLongVariableSafely(_mqx_kernel_data)"
(00:09:32.812) ERROR: [TadGlobalStatusFactory] Kernel Data NOT valid (pointer: 0x0000)
(00:09:32.812) ERROR: [TadGlobalStatusFactory] MQX data not valid!
(00:09:32.812) INFO: [TadModel$3] Loading of TAD Global Status took 500 ms
(00:09:32.812) INFO: [TadGlobalStatusController] TAD global status data is ready!
(00:09:50.756) INFO: [TadState] TAD state changed from READY to DEBUG_RESUMED (Resumed, STEP)
(00:09:50.968) INFO: [TadState] TAD state changed from DEBUG_RESUMED to READY (Suspended, STEP)
(00:09:51.471) ReadingException: com.freescale.mqx.gdb.tad.model.globalstatus.TadGlobalStatusFactory.isMqxDataValid() at 60.line "readLongVariableSafely(_mqx_kernel_data)"
(00:09:51.471) ERROR: [TadGlobalStatusFactory] Kernel Data NOT valid (pointer: 0x0000)
(00:09:51.471) ERROR: [TadGlobalStatusFactory] MQX data not valid!
(00:09:51.471) INFO: [TadModel$3] Loading of TAD Global Status took 500 ms
(00:09:51.471) INFO: [TadGlobalStatusController] TAD global status data is ready!
(00:09:53.603) INFO: [TadState] TAD state changed from READY to DEBUG_RESUMED (Resumed, STEP)
(00:09:53.718) INFO: [TadState] TAD state changed from DEBUG_RESUMED to READY (Suspended, STEP)
(00:09:54.222) ReadingException: com.freescale.mqx.gdb.tad.model.globalstatus.TadGlobalStatusFactory.isMqxDataValid() at 60.line "readLongVariableSafely(_mqx_kernel_data)"
(00:09:54.222) ERROR: [TadGlobalStatusFactory] Kernel Data NOT valid (pointer: 0x0000)
(00:09:54.222) ERROR: [TadGlobalStatusFactory] MQX data not valid!
(00:09:54.222) INFO: [TadModel$3] Loading of TAD Global Status took 501 ms
(00:09:54.222) INFO: [TadGlobalStatusController] TAD global status data is ready!
(00:09:54.856) INFO: [TadState] TAD state changed from READY to DEBUG_RESUMED (Resumed, STEP)
(00:09:55.205) INFO: [TadState] TAD state changed from DEBUG_RESUMED to READY (Suspended, STEP)
(00:09:55.708) ReadingException: com.freescale.mqx.gdb.tad.model.globalstatus.TadGlobalStatusFactory.isMqxDataValid() at 60.line "readLongVariableSafely(_mqx_kernel_data)"
(00:09:55.708) ERROR: [TadGlobalStatusFactory] Kernel Data NOT valid (pointer: 0x0000)
(00:09:55.708) ERROR: [TadGlobalStatusFactory] MQX data not valid!
(00:09:55.708) INFO: [TadModel$3] Loading of TAD Global Status took 501 ms
(00:09:55.708) INFO: [TadGlobalStatusController] TAD global status data is ready!
(00:09:59.587) INFO: [TadState] TAD state changed from READY to DEBUG_RESUMED (Resumed, STEP)
(00:10:00.398) INFO: [TadState] TAD state changed from DEBUG_RESUMED to READY (Suspended, STEP)
(00:10:00.903) ReadingException: com.freescale.mqx.gdb.tad.model.globalstatus.TadGlobalStatusFactory.isMqxDataValid() at 60.line "readLongVariableSafely(_mqx_kernel_data)"
(00:10:00.903) ERROR: [TadGlobalStatusFactory] Kernel Data NOT valid (pointer: 0x0000)
(00:10:00.903) ERROR: [TadGlobalStatusFactory] MQX data not valid!
(00:10:00.903) INFO: [TadModel$3] Loading of TAD Global Status took 502 ms
(00:10:00.903) INFO: [TadGlobalStatusController] TAD global status data is ready!
(00:10:14.365) INFO: [TadState] TAD state changed from READY to DEBUG_RESUMED (Resumed, STEP)
(00:10:14.621) INFO: [TadState] TAD state changed from DEBUG_RESUMED to READY (Suspended, STEP)
(00:10:15.124) ReadingException: com.freescale.mqx.gdb.tad.model.globalstatus.TadGlobalStatusFactory.isMqxDataValid() at 60.line "readLongVariableSafely(_mqx_kernel_data)"
(00:10:15.124) ERROR: [TadGlobalStatusFactory] Kernel Data NOT valid (pointer: 0x0000)
(00:10:15.124) ERROR: [TadGlobalStatusFactory] MQX data not valid!
(00:10:15.124) INFO: [TadModel$3] Loading of TAD Global Status took 501 ms
(00:10:15.124) INFO: [TadGlobalStatusController] TAD global status data is ready!
(00:10:17.765) INFO: [TadState] TAD state changed from READY to DEBUG_RESUMED (Resumed, STEP)
(00:10:18.347) INFO: [TadState] TAD state changed from DEBUG_RESUMED to READY (Suspended, STEP)
(00:10:18.851) ReadingException: com.freescale.mqx.gdb.tad.model.globalstatus.TadGlobalStatusFactory.isMqxDataValid() at 60.line "readLongVariableSafely(_mqx_kernel_data)"
(00:10:18.851) ERROR: [TadGlobalStatusFactory] Kernel Data NOT valid (pointer: 0x0000)
(00:10:18.851) ERROR: [TadGlobalStatusFactory] MQX data not valid!
(00:10:18.851) INFO: [TadModel$3] Loading of TAD Global Status took 501 ms
(00:10:18.851) INFO: [TadGlobalStatusController] TAD global status data is ready!
(00:10:31.635) INFO: [TadState] TAD state changed from READY to DEBUG_RESUMED (Resumed, STEP)
(00:10:32.244) INFO: [TadState] TAD state changed from DEBUG_RESUMED to READY (Suspended, STEP)
(00:10:32.747) ReadingException: com.freescale.mqx.gdb.tad.model.globalstatus.TadGlobalStatusFactory.isMqxDataValid() at 60.line "readLongVariableSafely(_mqx_kernel_data)"
(00:10:32.747) ERROR: [TadGlobalStatusFactory] Kernel Data NOT valid (pointer: 0x0000)
(00:10:32.747) ERROR: [TadGlobalStatusFactory] MQX data not valid!
(00:10:32.747) INFO: [TadModel$3] Loading of TAD Global Status took 500 ms
(00:10:32.747) INFO: [TadGlobalStatusController] TAD global status data is ready!
(00:10:33.466) INFO: [TadState] TAD state changed from READY to DEBUG_RESUMED (Resumed, STEP)
(00:10:33.775) INFO: [TadState] TAD state changed from DEBUG_RESUMED to READY (Suspended, STEP)
(00:10:34.278) ReadingException: com.freescale.mqx.gdb.tad.model.globalstatus.TadGlobalStatusFactory.isMqxDataValid() at 60.line "readLongVariableSafely(_mqx_kernel_data)"
(00:10:34.278) ERROR: [TadGlobalStatusFactory] Kernel Data NOT valid (pointer: 0x0000)
(00:10:34.278) ERROR: [TadGlobalStatusFactory] MQX data not valid!
(00:10:34.278) INFO: [TadModel$3] Loading of TAD Global Status took 501 ms
(00:10:34.278) INFO: [TadGlobalStatusController] TAD global status data is ready!
(00:13:37.748) INFO: [TadState] TAD state changed from READY to DEBUG_RESUMED (Resumed, STEP)
(00:13:38.191) INFO: [TadState] TAD state changed from DEBUG_RESUMED to READY (Suspended, STEP)
(00:13:38.694) ReadingException: com.freescale.mqx.gdb.tad.model.globalstatus.TadGlobalStatusFactory.isMqxDataValid() at 60.line "readLongVariableSafely(_mqx_kernel_data)"
(00:13:38.694) ERROR: [TadGlobalStatusFactory] Kernel Data NOT valid (pointer: 0x0000)
(00:13:38.694) ERROR: [TadGlobalStatusFactory] MQX data not valid!
(00:13:38.694) INFO: [TadModel$3] Loading of TAD Global Status took 501 ms
(00:13:38.694) INFO: [TadGlobalStatusController] TAD global status data is ready!
(00:13:38.817) INFO: [TadState] TAD state changed from READY to DEBUG_RESUMED (Resumed, STEP)
(00:13:39.564) INFO: [TadState] TAD state changed from DEBUG_RESUMED to READY (Suspended, STEP)
(00:13:40.068) ReadingException: com.freescale.mqx.gdb.tad.model.globalstatus.TadGlobalStatusFactory.isMqxDataValid() at 60.line "readLongVariableSafely(_mqx_kernel_data)"
(00:13:40.068) ERROR: [TadGlobalStatusFactory] Kernel Data NOT valid (pointer: 0x0000)
(00:13:40.068) ERROR: [TadGlobalStatusFactory] MQX data not valid!
(00:13:40.068) INFO: [TadModel$3] Loading of TAD Global Status took 502 ms
(00:13:40.068) INFO: [TadGlobalStatusController] TAD global status data is ready!
(00:13:40.075) INFO: [TadState] TAD state changed from READY to DEBUG_RESUMED (Resumed, STEP)
(00:13:40.331) INFO: [TadState] TAD state changed from DEBUG_RESUMED to READY (Suspended, STEP)
(00:13:40.834) ReadingException: com.freescale.mqx.gdb.tad.model.globalstatus.TadGlobalStatusFactory.isMqxDataValid() at 60.line "readLongVariableSafely(_mqx_kernel_data)"
(00:13:40.834) ERROR: [TadGlobalStatusFactory] Kernel Data NOT valid (pointer: 0x0000)
(00:13:40.834) ERROR: [TadGlobalStatusFactory] MQX data not valid!
(00:13:40.834) INFO: [TadModel$3] Loading of TAD Global Status took 500 ms
(00:13:40.834) INFO: [TadGlobalStatusController] TAD global status data is ready!
(00:13:41.027) INFO: [TadState] TAD state changed from READY to DEBUG_RESUMED (Resumed, STEP)
(00:13:41.605) INFO: [TadState] TAD state changed from DEBUG_RESUMED to READY (Suspended, STEP)
(00:13:42.108) ReadingException: com.freescale.mqx.gdb.tad.model.globalstatus.TadGlobalStatusFactory.isMqxDataValid() at 60.line "readLongVariableSafely(_mqx_kernel_data)"
(00:13:42.108) ERROR: [TadGlobalStatusFactory] Kernel Data NOT valid (pointer: 0x0000)
(00:13:42.108) ERROR: [TadGlobalStatusFactory] MQX data not valid!
(00:13:42.108) INFO: [TadModel$3] Loading of TAD Global Status took 501 ms
(00:13:42.108) INFO: [TadGlobalStatusController] TAD global status data is ready!
(00:13:42.475) INFO: [TadState] TAD state changed from READY to DEBUG_RESUMED (Resumed, STEP)
(00:13:43.087) INFO: [TadState] TAD state changed from DEBUG_RESUMED to READY (Suspended, STEP)
(00:13:43.591) ReadingException: com.freescale.mqx.gdb.tad.model.globalstatus.TadGlobalStatusFactory.isMqxDataValid() at 60.line "readLongVariableSafely(_mqx_kernel_data)"
(00:13:43.591) ERROR: [TadGlobalStatusFactory] Kernel Data NOT valid (pointer: 0x0000)
(00:13:43.591) ERROR: [TadGlobalStatusFactory] MQX data not valid!
(00:13:43.591) INFO: [TadModel$3] Loading of TAD Global Status took 501 ms
(00:13:43.591) INFO: [TadGlobalStatusController] TAD global status data is ready!
(00:13:44.973) INFO: [TadState] TAD state changed from READY to DEBUG_RESUMED (Resumed, STEP)
(00:13:45.281) INFO: [TadState] TAD state changed from DEBUG_RESUMED to READY (Suspended, STEP)
(00:13:45.785) ReadingException: com.freescale.mqx.gdb.tad.model.globalstatus.TadGlobalStatusFactory.isMqxDataValid() at 60.line "readLongVariableSafely(_mqx_kernel_data)"
(00:13:45.785) ERROR: [TadGlobalStatusFactory] Kernel Data NOT valid (pointer: 0x0000)
(00:13:45.785) ERROR: [TadGlobalStatusFactory] MQX data not valid!
(00:13:45.785) INFO: [TadModel$3] Loading of TAD Global Status took 502 ms
(00:13:45.785) INFO: [TadGlobalStatusController] TAD global status data is ready!
(00:13:50.406) INFO: [TadState] TAD state changed from READY to DEBUG_RESUMED (Resumed, STEP)
(00:13:50.853) INFO: [TadState] TAD state changed from DEBUG_RESUMED to READY (Suspended, STEP)
(00:13:51.356) ReadingException: com.freescale.mqx.gdb.tad.model.globalstatus.TadGlobalStatusFactory.isMqxDataValid() at 60.line "readLongVariableSafely(_mqx_kernel_data)"
(00:13:51.356) ERROR: [TadGlobalStatusFactory] Kernel Data NOT valid (pointer: 0x0000)
(00:13:51.356) ERROR: [TadGlobalStatusFactory] MQX data not valid!
(00:13:51.356) INFO: [TadModel$3] Loading of TAD Global Status took 501 ms
(00:13:51.356) INFO: [TadGlobalStatusController] TAD global status data is ready!
(00:13:51.403) INFO: [TadState] TAD state changed from READY to DEBUG_RESUMED (Resumed, STEP)
(00:13:52.150) INFO: [TadState] TAD state changed from DEBUG_RESUMED to READY (Suspended, STEP)
(00:13:52.561) INFO: [TadState] TAD state changed from READY to DEBUG_RESUMED (Resumed, STEP)
(00:13:52.654) ReadingException: com.freescale.mqx.gdb.tad.model.globalstatus.TadGlobalStatusFactory.isMqxDataValid() at 60.line "readLongVariableSafely(_mqx_kernel_data)"
(00:13:52.654) ERROR: [TadGlobalStatusFactory] Kernel Data NOT valid (pointer: 0x0000)
(00:13:52.654) ERROR: [TadGlobalStatusFactory] MQX data not valid!
(00:13:52.654) INFO: [TadModel$3] Loading of TAD Global Status took 501 ms
(00:13:52.820) INFO: [TadState] TAD state changed from DEBUG_RESUMED to READY (Suspended, STEP)
(00:13:53.324) ReadingException: com.freescale.mqx.gdb.tad.model.globalstatus.TadGlobalStatusFactory.isMqxDataValid() at 60.line "readLongVariableSafely(_mqx_kernel_data)"
(00:13:53.324) ERROR: [TadGlobalStatusFactory] Kernel Data NOT valid (pointer: 0x0000)
(00:13:53.324) ERROR: [TadGlobalStatusFactory] MQX data not valid!
(00:13:53.324) INFO: [TadModel$3] Loading of TAD Global Status took 501 ms
(00:13:53.324) INFO: [TadGlobalStatusController] TAD global status data is ready!
(00:13:53.346) INFO: [TadState] TAD state changed from READY to DEBUG_RESUMED (Resumed, STEP)
(00:13:53.924) INFO: [TadState] TAD state changed from DEBUG_RESUMED to READY (Suspended, STEP)
(00:13:54.331) INFO: [TadState] TAD state changed from READY to DEBUG_RESUMED (Resumed, STEP)
(00:13:54.428) ReadingException: com.freescale.mqx.gdb.tad.model.globalstatus.TadGlobalStatusFactory.isMqxDataValid() at 60.line "readLongVariableSafely(_mqx_kernel_data)"
(00:13:54.428) ERROR: [TadGlobalStatusFactory] Kernel Data NOT valid (pointer: 0x0000)
(00:13:54.428) ERROR: [TadGlobalStatusFactory] MQX data not valid!
(00:13:54.428) INFO: [TadModel$3] Loading of TAD Global Status took 501 ms
(00:13:54.976) INFO: [TadState] TAD state changed from DEBUG_RESUMED to READY (Suspended, STEP)
(00:13:55.481) ReadingException: com.freescale.mqx.gdb.tad.model.globalstatus.TadGlobalStatusFactory.isMqxDataValid() at 60.line "readLongVariableSafely(_mqx_kernel_data)"
(00:13:55.481) ERROR: [TadGlobalStatusFactory] Kernel Data NOT valid (pointer: 0x0000)
(00:13:55.481) ERROR: [TadGlobalStatusFactory] MQX data not valid!
(00:13:55.481) INFO: [TadModel$3] Loading of TAD Global Status took 502 ms
(00:13:55.481) INFO: [TadGlobalStatusController] TAD global status data is ready!
(00:13:55.575) INFO: [TadState] TAD state changed from READY to DEBUG_RESUMED (Resumed, STEP)
(00:13:55.888) INFO: [TadState] TAD state changed from DEBUG_RESUMED to READY (Suspended, STEP)
(00:13:56.392) ReadingException: com.freescale.mqx.gdb.tad.model.globalstatus.TadGlobalStatusFactory.isMqxDataValid() at 60.line "readLongVariableSafely(_mqx_kernel_data)"
(00:13:56.392) ERROR: [TadGlobalStatusFactory] Kernel Data NOT valid (pointer: 0x0000)
(00:13:56.392) ERROR: [TadGlobalStatusFactory] MQX data not valid!
(00:13:56.392) INFO: [TadModel$3] Loading of TAD Global Status took 501 ms
(00:13:56.392) INFO: [TadGlobalStatusController] TAD global status data is ready!
(00:14:01.530) INFO: [TadState] TAD state changed from READY to DEBUG_RESUMED (Resumed, STEP)
(00:14:01.979) INFO: [TadState] TAD state changed from DEBUG_RESUMED to READY (Suspended, STEP)
(00:14:02.378) INFO: [TadState] TAD state changed from READY to DEBUG_RESUMED (Resumed, STEP)
(00:14:02.483) ReadingException: com.freescale.mqx.gdb.tad.model.globalstatus.TadGlobalStatusFactory.isMqxDataValid() at 60.line "readLongVariableSafely(_mqx_kernel_data)"
(00:14:02.483) ERROR: [TadGlobalStatusFactory] Kernel Data NOT valid (pointer: 0x0000)
(00:14:02.483) ERROR: [TadGlobalStatusFactory] MQX data not valid!
(00:14:02.483) INFO: [TadModel$3] Loading of TAD Global Status took 501 ms
(00:14:03.120) INFO: [TadState] TAD state changed from DEBUG_RESUMED to READY (Suspended, STEP)
(00:14:03.443) INFO: [TadState] TAD state changed from READY to DEBUG_RESUMED (Resumed, STEP)
(00:14:03.623) ReadingException: com.freescale.mqx.gdb.tad.model.globalstatus.TadGlobalStatusFactory.isMqxDataValid() at 60.line "readLongVariableSafely(_mqx_kernel_data)"
(00:14:03.623) ERROR: [TadGlobalStatusFactory] Kernel Data NOT valid (pointer: 0x0000)
(00:14:03.623) ERROR: [TadGlobalStatusFactory] MQX data not valid!
(00:14:03.623) INFO: [TadModel$3] Loading of TAD Global Status took 501 ms
(00:14:03.698) INFO: [TadState] TAD state changed from DEBUG_RESUMED to READY (Suspended, STEP)
(00:14:04.130) INFO: [TadState] TAD state changed from READY to DEBUG_RESUMED (Resumed, STEP)
(00:14:04.202) ReadingException: com.freescale.mqx.gdb.tad.model.globalstatus.TadGlobalStatusFactory.isMqxDataValid() at 60.line "readLongVariableSafely(_mqx_kernel_data)"
(00:14:04.202) ERROR: [TadGlobalStatusFactory] Kernel Data NOT valid (pointer: 0x0000)
(00:14:04.202) ERROR: [TadGlobalStatusFactory] MQX data not valid!
(00:14:04.202) INFO: [TadModel$3] Loading of TAD Global Status took 502 ms
(00:14:04.699) INFO: [TadState] TAD state changed from DEBUG_RESUMED to READY (Suspended, STEP)
(00:14:05.092) INFO: [TadState] TAD state changed from READY to DEBUG_RESUMED (Resumed, STEP)
(00:14:05.203) ReadingException: com.freescale.mqx.gdb.tad.model.globalstatus.TadGlobalStatusFactory.isMqxDataValid() at 60.line "readLongVariableSafely(_mqx_kernel_data)"
(00:14:05.203) ERROR: [TadGlobalStatusFactory] Kernel Data NOT valid (pointer: 0x0000)
(00:14:05.203) ERROR: [TadGlobalStatusFactory] MQX data not valid!
(00:14:05.203) INFO: [TadModel$3] Loading of TAD Global Status took 501 ms
(00:14:05.702) INFO: [TadState] TAD state changed from DEBUG_RESUMED to READY (Suspended, STEP)
(00:14:06.100) INFO: [TadState] TAD state changed from READY to DEBUG_RESUMED (Resumed, STEP)
(00:14:06.206) ReadingException: com.freescale.mqx.gdb.tad.model.globalstatus.TadGlobalStatusFactory.isMqxDataValid() at 60.line "readLongVariableSafely(_mqx_kernel_data)"
(00:14:06.206) ERROR: [TadGlobalStatusFactory] Kernel Data NOT valid (pointer: 0x0000)
(00:14:06.206) ERROR: [TadGlobalStatusFactory] MQX data not valid!
(00:14:06.206) INFO: [TadModel$3] Loading of TAD Global Status took 501 ms
(00:14:06.412) INFO: [TadState] TAD state changed from DEBUG_RESUMED to READY (Suspended, STEP)
(00:14:06.895) INFO: [TadState] TAD state changed from READY to DEBUG_RESUMED (Resumed, STEP)
(00:14:06.917) ReadingException: com.freescale.mqx.gdb.tad.model.globalstatus.TadGlobalStatusFactory.isMqxDataValid() at 60.line "readLongVariableSafely(_mqx_kernel_data)"
(00:14:06.917) ERROR: [TadGlobalStatusFactory] Kernel Data NOT valid (pointer: 0x0000)
(00:14:06.917) ERROR: [TadGlobalStatusFactory] MQX data not valid!
(00:14:06.917) INFO: [TadModel$3] Loading of TAD Global Status took 502 ms
(00:14:07.341) INFO: [TadState] TAD state changed from DEBUG_RESUMED to READY (Suspended, STEP)
(00:14:07.845) ReadingException: com.freescale.mqx.gdb.tad.model.globalstatus.TadGlobalStatusFactory.isMqxDataValid() at 60.line "readLongVariableSafely(_mqx_kernel_data)"
(00:14:07.845) ERROR: [TadGlobalStatusFactory] Kernel Data NOT valid (pointer: 0x0000)
(00:14:07.845) ERROR: [TadGlobalStatusFactory] MQX data not valid!
(00:14:07.845) INFO: [TadModel$3] Loading of TAD Global Status took 501 ms
(00:14:07.845) INFO: [TadGlobalStatusController] TAD global status data is ready!
(00:14:10.950) INFO: [TadState] TAD state changed from READY to DEBUG_RESUMED (Resumed, STEP)
(00:14:11.704) INFO: [TadState] TAD state changed from DEBUG_RESUMED to READY (Suspended, STEP)
(00:14:12.078) INFO: [TadState] TAD state changed from READY to DEBUG_RESUMED (Resumed, STEP)
(00:14:12.210) ReadingException: com.freescale.mqx.gdb.tad.model.globalstatus.TadGlobalStatusFactory.isMqxDataValid() at 60.line "readLongVariableSafely(_mqx_kernel_data)"
(00:14:12.210) ERROR: [TadGlobalStatusFactory] Kernel Data NOT valid (pointer: 0x0000)
(00:14:12.210) ERROR: [TadGlobalStatusFactory] MQX data not valid!
(00:14:12.210) INFO: [TadModel$3] Loading of TAD Global Status took 501 ms
(00:14:12.335) INFO: [TadState] TAD state changed from DEBUG_RESUMED to READY (Suspended, STEP)
(00:14:12.815) INFO: [TadState] TAD state changed from READY to DEBUG_RESUMED (Resumed, STEP)
(00:14:12.838) ReadingException: com.freescale.mqx.gdb.tad.model.globalstatus.TadGlobalStatusFactory.isMqxDataValid() at 60.line "readLongVariableSafely(_mqx_kernel_data)"
(00:14:12.838) ERROR: [TadGlobalStatusFactory] Kernel Data NOT valid (pointer: 0x0000)
(00:14:12.838) ERROR: [TadGlobalStatusFactory] MQX data not valid!
(00:14:12.838) INFO: [TadModel$3] Loading of TAD Global Status took 500 ms
(00:14:13.384) INFO: [TadState] TAD state changed from DEBUG_RESUMED to READY (Suspended, STEP)
(00:14:13.817) INFO: [TadState] TAD state changed from READY to DEBUG_RESUMED (Resumed, STEP)
(00:14:13.888) ReadingException: com.freescale.mqx.gdb.tad.model.globalstatus.TadGlobalStatusFactory.isMqxDataValid() at 60.line "readLongVariableSafely(_mqx_kernel_data)"
(00:14:13.888) ERROR: [TadGlobalStatusFactory] Kernel Data NOT valid (pointer: 0x0000)
(00:14:13.888) ERROR: [TadGlobalStatusFactory] MQX data not valid!
(00:14:13.888) INFO: [TadModel$3] Loading of TAD Global Status took 502 ms
(00:14:14.425) INFO: [TadState] TAD state changed from DEBUG_RESUMED to READY (Suspended, STEP)
(00:14:14.946) ReadingException: com.freescale.mqx.gdb.tad.model.globalstatus.TadGlobalStatusFactory.isMqxDataValid() at 60.line "readLongVariableSafely(_mqx_kernel_data)"
(00:14:14.946) ERROR: [TadGlobalStatusFactory] Kernel Data NOT valid (pointer: 0x0000)
(00:14:14.947) ERROR: [TadGlobalStatusFactory] MQX data not valid!
(00:14:14.947) INFO: [TadModel$3] Loading of TAD Global Status took 520 ms
(00:14:14.948) INFO: [TadGlobalStatusController] TAD global status data is ready!
(00:14:14.981) INFO: [TadState] TAD state changed from READY to DEBUG_RESUMED (Resumed, STEP)
(00:14:15.291) INFO: [TadState] TAD state changed from DEBUG_RESUMED to READY (Suspended, STEP)
(00:14:15.795) ReadingException: com.freescale.mqx.gdb.tad.model.globalstatus.TadGlobalStatusFactory.isMqxDataValid() at 60.line "readLongVariableSafely(_mqx_kernel_data)"
(00:14:15.795) ERROR: [TadGlobalStatusFactory] Kernel Data NOT valid (pointer: 0x0000)
(00:14:15.795) ERROR: [TadGlobalStatusFactory] MQX data not valid!
(00:14:15.795) INFO: [TadModel$3] Loading of TAD Global Status took 501 ms
(00:14:15.795) INFO: [TadGlobalStatusController] TAD global status data is ready!
(00:14:24.769) INFO: [TadState] TAD state changed from READY to DEBUG_RESUMED (Resumed, STEP)
(00:14:25.214) INFO: [TadState] TAD state changed from DEBUG_RESUMED to READY (Suspended, STEP)
(00:14:25.718) ReadingException: com.freescale.mqx.gdb.tad.model.globalstatus.TadGlobalStatusFactory.isMqxDataValid() at 60.line "readLongVariableSafely(_mqx_kernel_data)"
(00:14:25.718) ERROR: [TadGlobalStatusFactory] Kernel Data NOT valid (pointer: 0x0000)
(00:14:25.718) ERROR: [TadGlobalStatusFactory] MQX data not valid!
(00:14:25.718) INFO: [TadModel$3] Loading of TAD Global Status took 501 ms
(00:14:25.718) INFO: [TadGlobalStatusController] TAD global status data is ready!
(00:14:25.821) INFO: [TadState] TAD state changed from READY to DEBUG_RESUMED (Resumed, STEP)
(00:14:26.572) INFO: [TadState] TAD state changed from DEBUG_RESUMED to READY (Suspended, STEP)
(00:14:27.005) INFO: [TadState] TAD state changed from READY to DEBUG_RESUMED (Resumed, STEP)
(00:14:27.076) ReadingException: com.freescale.mqx.gdb.tad.model.globalstatus.TadGlobalStatusFactory.isMqxDataValid() at 60.line "readLongVariableSafely(_mqx_kernel_data)"
(00:14:27.076) ERROR: [TadGlobalStatusFactory] Kernel Data NOT valid (pointer: 0x0000)
(00:14:27.076) ERROR: [TadGlobalStatusFactory] MQX data not valid!
(00:14:27.076) INFO: [TadModel$3] Loading of TAD Global Status took 502 ms
(00:14:27.260) INFO: [TadState] TAD state changed from DEBUG_RESUMED to READY (Suspended, STEP)
(00:14:27.763) ReadingException: com.freescale.mqx.gdb.tad.model.globalstatus.TadGlobalStatusFactory.isMqxDataValid() at 60.line "readLongVariableSafely(_mqx_kernel_data)"
(00:14:27.763) ERROR: [TadGlobalStatusFactory] Kernel Data NOT valid (pointer: 0x0000)
(00:14:27.763) ERROR: [TadGlobalStatusFactory] MQX data not valid!
(00:14:27.763) INFO: [TadModel$3] Loading of TAD Global Status took 500 ms
(00:14:27.763) INFO: [TadGlobalStatusController] TAD global status data is ready!
(00:14:27.830) INFO: [TadState] TAD state changed from READY to DEBUG_RESUMED (Resumed, STEP)
(00:14:28.406) INFO: [TadState] TAD state changed from DEBUG_RESUMED to READY (Suspended, STEP)
(00:14:28.909) ReadingException: com.freescale.mqx.gdb.tad.model.globalstatus.TadGlobalStatusFactory.isMqxDataValid() at 60.line "readLongVariableSafely(_mqx_kernel_data)"
(00:14:28.909) ERROR: [TadGlobalStatusFactory] Kernel Data NOT valid (pointer: 0x0000)
(00:14:28.909) ERROR: [TadGlobalStatusFactory] MQX data not valid!
(00:14:28.909) INFO: [TadModel$3] Loading of TAD Global Status took 501 ms
(00:14:28.909) INFO: [TadGlobalStatusController] TAD global status data is ready!
(00:14:28.915) INFO: [TadState] TAD state changed from READY to DEBUG_RESUMED (Resumed, STEP)
(00:14:29.525) INFO: [TadState] TAD state changed from DEBUG_RESUMED to READY (Suspended, STEP)
(00:14:30.029) ReadingException: com.freescale.mqx.gdb.tad.model.globalstatus.TadGlobalStatusFactory.isMqxDataValid() at 60.line "readLongVariableSafely(_mqx_kernel_data)"
(00:14:30.029) ERROR: [TadGlobalStatusFactory] Kernel Data NOT valid (pointer: 0x0000)
(00:14:30.029) ERROR: [TadGlobalStatusFactory] MQX data not valid!
(00:14:30.029) INFO: [TadModel$3] Loading of TAD Global Status took 501 ms
(00:14:30.029) INFO: [TadGlobalStatusController] TAD global status data is ready!
(00:14:42.474) INFO: [TadState] TAD state changed from READY to DEBUG_RESUMED (Resumed, STEP)
(00:14:42.782) INFO: [TadState] TAD state changed from DEBUG_RESUMED to READY (Suspended, STEP)
(00:14:43.218) INFO: [TadState] TAD state changed from READY to DEBUG_RESUMED (Resumed, STEP)
(00:14:43.286) ReadingException: com.freescale.mqx.gdb.tad.model.globalstatus.TadGlobalStatusFactory.isMqxDataValid() at 60.line "readLongVariableSafely(_mqx_kernel_data)"
(00:14:43.286) ERROR: [TadGlobalStatusFactory] Kernel Data NOT valid (pointer: 0x0000)
(00:14:43.286) ERROR: [TadGlobalStatusFactory] MQX data not valid!
(00:14:43.286) INFO: [TadModel$3] Loading of TAD Global Status took 502 ms
(00:14:43.665) INFO: [TadState] TAD state changed from DEBUG_RESUMED to READY (Suspended, STEP)
(00:14:44.168) ReadingException: com.freescale.mqx.gdb.tad.model.globalstatus.TadGlobalStatusFactory.isMqxDataValid() at 60.line "readLongVariableSafely(_mqx_kernel_data)"
(00:14:44.168) ERROR: [TadGlobalStatusFactory] Kernel Data NOT valid (pointer: 0x0000)
(00:14:44.168) ERROR: [TadGlobalStatusFactory] MQX data not valid!
(00:14:44.168) INFO: [TadModel$3] Loading of TAD Global Status took 501 ms
(00:14:44.168) INFO: [TadGlobalStatusController] TAD global status data is ready!
(00:14:44.236) INFO: [TadState] TAD state changed from READY to DEBUG_RESUMED (Resumed, STEP)
(00:14:44.983) INFO: [TadState] TAD state changed from DEBUG_RESUMED to READY (Suspended, STEP)
(00:14:45.486) ReadingException: com.freescale.mqx.gdb.tad.model.globalstatus.TadGlobalStatusFactory.isMqxDataValid() at 60.line "readLongVariableSafely(_mqx_kernel_data)"
(00:14:45.486) ERROR: [TadGlobalStatusFactory] Kernel Data NOT valid (pointer: 0x0000)
(00:14:45.486) ERROR: [TadGlobalStatusFactory] MQX data not valid!
(00:14:45.486) INFO: [TadModel$3] Loading of TAD Global Status took 500 ms
(00:14:45.486) INFO: [TadGlobalStatusController] TAD global status data is ready!
(00:14:53.276) INFO: [TadState] TAD state changed from READY to DEBUG_RESUMED (Resumed, STEP)
(00:14:53.433) INFO: [TadState] TAD state changed from DEBUG_RESUMED to READY (Suspended, STEP)
(00:14:53.938) ReadingException: com.freescale.mqx.gdb.tad.model.globalstatus.TadGlobalStatusFactory.isMqxDataValid() at 60.line "readLongVariableSafely(_mqx_kernel_data)"
(00:14:53.938) ERROR: [TadGlobalStatusFactory] Kernel Data NOT valid (pointer: 0x0000)
(00:14:53.938) ERROR: [TadGlobalStatusFactory] MQX data not valid!
(00:14:53.938) INFO: [TadModel$3] Loading of TAD Global Status took 500 ms
(00:14:53.938) INFO: [TadGlobalStatusController] TAD global status data is ready!
